2025-04-23 11:29:51,206 - CheckMigrationStatus - INFO - Retrieving blueprint using GET /api/setup/drplan by name create_blueprint_test
2025-04-23 11:29:51,206 - CheckMigrationStatus - INFO - Retrieving blueprint using GET /api/setup/drplan
2025-04-23 11:29:51,668 - CheckMigrationStatus - INFO - Retrieved blueprint count is 1 and list is [{'_id': '87feb984-40eb-4668-a2df-18d9fa40ea6b', 'name': 'create_blueprint_test', 'sourceSite': {'_id': '2f492a68-3a05-4760-b5b0-e18c050bf5c1', 'name': 'add_site_test_source'}, 'sourceVirtEnv': {'_id': 'cd170d36-e9d6-4a25-b818-16e598a3d61c', 'provider': {'_id': '1', 'key': 'vmware', 'name': 'vCenter'}, 'name': '172.21.254.197'}, 'targetSite': {'_id': '599d9139-881d-421e-be2b-5e7363061ca2', 'name': 'add_site_test_destination'}, 'targetVirtEnv': {'_id': '96d269ec-2dd8-402b-aeb8-8583756bed96', 'provider': {'_id': '3', 'key': 'hyperv', 'name': 'hyperv'}, 'name': '10.61.187.211'}, 'protectionGroups': [{'_id': '3d2684bb-d912-4252-89d4-38b971eee9bc', 'name': 'add_resource_group_test', 'migrationMode': 'clone_based_migration'}], 'compliance': {'lastStatus': 'partially passed', 'timestamp': '2025-04-23T05:53:08.967Z'}, 'snapshotType': 'clone', 'requiresRescan': False, 'allowFailover': False, 'allowMigrate': True, 'allowConvert': False, 'testMappingPresent': False, 'ipConfigType': 'do_not_config', 'vmCount': 1}], Response code is 200
2025-04-23 11:29:51,669 - CheckMigrationStatus - INFO - Retrieved blueprint by name create_blueprint_test is {'_id': '87feb984-40eb-4668-a2df-18d9fa40ea6b', 'name': 'create_blueprint_test', 'sourceSite': {'_id': '2f492a68-3a05-4760-b5b0-e18c050bf5c1', 'name': 'add_site_test_source'}, 'sourceVirtEnv': {'_id': 'cd170d36-e9d6-4a25-b818-16e598a3d61c', 'provider': {'_id': '1', 'key': 'vmware', 'name': 'vCenter'}, 'name': '172.21.254.197'}, 'targetSite': {'_id': '599d9139-881d-421e-be2b-5e7363061ca2', 'name': 'add_site_test_destination'}, 'targetVirtEnv': {'_id': '96d269ec-2dd8-402b-aeb8-8583756bed96', 'provider': {'_id': '3', 'key': 'hyperv', 'name': 'hyperv'}, 'name': '10.61.187.211'}, 'protectionGroups': [{'_id': '3d2684bb-d912-4252-89d4-38b971eee9bc', 'name': 'add_resource_group_test', 'migrationMode': 'clone_based_migration'}], 'compliance': {'lastStatus': 'partially passed', 'timestamp': '2025-04-23T05:53:08.967Z'}, 'snapshotType': 'clone', 'requiresRescan': False, 'allowFailover': False, 'allowMigrate': True, 'allowConvert': False, 'testMappingPresent': False, 'ipConfigType': 'do_not_config', 'vmCount': 1}
2025-04-23 11:29:51,669 - CheckMigrationStatus - INFO - Check blueprint status for id 87feb984-40eb-4668-a2df-18d9fa40ea6b with timeout 40 seconds
2025-04-23 11:29:51,670 - CheckMigrationStatus - INFO - Retrieving blueprint status using GET /api/recovery/drplan/status
2025-04-23 11:29:52,163 - CheckMigrationStatus - INFO - Response code for Blueprint status is 200
2025-04-23 11:29:52,164 - CheckMigrationStatus - INFO - Blueprint status for blueprint id 87feb984-40eb-4668-a2df-18d9fa40ea6b is migration error
2025-04-23 11:29:52,164 - CheckMigrationStatus - INFO - Status of Blueprint is migration error for blueprint 87feb984-40eb-4668-a2df-18d9fa40ea6b
2025-04-23 11:29:52,164 - CheckMigrationStatus - INFO - Retrieve job steps for execution id 
2025-04-23 11:29:52,599 - CheckMigrationStatus - ERROR - Failed to retrieve job steps for execution id , Response code is 404, response message is <!DOCTYPE html>
<html lang="en">
<head>
<meta charset="utf-8">
<title>Error</title>
</head>
<body>
<pre>Cannot GET /api/recovery/execution//steps</pre>
</body>
</html>

2025-04-23 11:29:52,600 - CheckMigrationStatus - ERROR - Failed to validate job steps for execution_id:  with error cannot unpack non-iterable NoneType object
2025-04-23 11:29:52,600 - CheckMigrationStatus - ERROR - Job steps for execution id  did not complete successfully.
