2025-04-16 20:08:43,370 - CheckMigrationStatus - INFO - Starting prepare VM workflow 1
2025-04-16 20:08:43,826 - CheckMigrationStatus - INFO - Retrieving blueprint using GET /api/setup/drplan by name create_blueprint_name_test
2025-04-16 20:08:43,827 - CheckMigrationStatus - INFO - Retrieving blueprint using GET /api/setup/drplan
2025-04-16 20:08:44,305 - CheckMigrationStatus - INFO - Retrieved blueprint count is 4 and list is [{'_id': '5ce24ed0-285e-44c4-a0bc-6dc054b4f142', 'name': 'create_blueprint_name_test', 'sourceSite': {'_id': 'c548b067-0b33-43b6-84e5-94ba386d2823', 'name': 'add_site_test_source_name_test'}, 'sourceVirtEnv': {'_id': 'd8879ad8-656f-4464-90ec-0477480ea30c', 'provider': {'_id': '1', 'key': 'vmware', 'name': 'vCenter'}, 'name': '172.21.254.197'}, 'targetSite': {'_id': 'bbd5886f-4f9c-4af5-8b76-01fb4138ffec', 'name': 'add_site_test_destination_name_test'}, 'targetVirtEnv': {'_id': '9197ad69-93d0-43c6-9fdd-1b5690c1840d', 'provider': {'_id': '3', 'key': 'hyperv', 'name': 'hyperv'}, 'name': '10.61.187.211'}, 'protectionGroups': [{'_id': '46daffa4-a964-4fca-a7e2-e74e24eaaf3d', 'name': 'add_resource_group_name_test', 'migrationMode': 'clone_based_migration'}], 'compliance': {'lastStatus': 'pass', 'timestamp': '2025-04-16T14:36:13.544Z'}, 'snapshotType': 'clone', 'requiresRescan': False, 'allowFailover': False, 'allowMigrate': True, 'allowConvert': False, 'testMappingPresent': False, 'ipConfigType': 'do_not_config', 'vmCount': 1, 'scheduledDateTime': None}, {'_id': 'b68433e3-7684-4847-93a0-1748180ca115', 'name': 'bp 3', 'sourceSite': {'_id': '82614385-3554-4495-ae1b-14c99dc0a3ce', 'name': 'src site'}, 'sourceVirtEnv': {'_id': 'ed839629-658e-4d7a-bc0c-ae4c2eb57e46', 'provider': {'_id': '1', 'key': 'vmware', 'name': 'vCenter'}, 'name': '172.21.254.160'}, 'targetSite': {'_id': '9648855e-0ac2-452d-9787-c33bcfcc3cda', 'name': 'dst site'}, 'targetVirtEnv': {'_id': 'a0608d2d-9340-47a8-8be9-249323bae0f8', 'provider': {'_id': '3', 'key': 'hyperv', 'name': 'hyperv'}, 'name': '10.61.187.211'}, 'protectionGroups': [{'_id': '4ee9cea1-9e7c-47f2-ad84-c610ff7b4236', 'name': 'rg 3', 'migrationMode': 'clone_based_conversion'}], 'compliance': {'lastStatus': 'partially passed', 'timestamp': '2025-04-16T14:03:53.424Z'}, 'snapshotType': 'clone', 'requiresRescan': False, 'allowFailover': False, 'allowMigrate': False, 'allowConvert': True, 'testMappingPresent': False, 'ipConfigType': 'do_not_config', 'vmCount': 1, 'scheduledDateTime': None}, {'_id': 'caee9669-ff27-4b65-ba6d-0bd5b8b816a9', 'name': 'bp 2', 'sourceSite': {'_id': '82614385-3554-4495-ae1b-14c99dc0a3ce', 'name': 'src site'}, 'sourceVirtEnv': {'_id': 'ed839629-658e-4d7a-bc0c-ae4c2eb57e46', 'provider': {'_id': '1', 'key': 'vmware', 'name': 'vCenter'}, 'name': '172.21.254.160'}, 'targetSite': {'_id': '9648855e-0ac2-452d-9787-c33bcfcc3cda', 'name': 'dst site'}, 'targetVirtEnv': {'_id': 'a0608d2d-9340-47a8-8be9-249323bae0f8', 'provider': {'_id': '3', 'key': 'hyperv', 'name': 'hyperv'}, 'name': '10.61.187.211'}, 'protectionGroups': [{'_id': 'c4d7966b-6abc-4169-a900-547ea336928c', 'name': 'rg 2', 'migrationMode': 'clone_based_conversion'}], 'compliance': {'lastStatus': 'partially passed', 'timestamp': '2025-04-16T14:03:23.426Z'}, 'snapshotType': 'clone', 'requiresRescan': False, 'allowFailover': False, 'allowMigrate': False, 'allowConvert': True, 'testMappingPresent': False, 'ipConfigType': 'do_not_config', 'vmCount': 1, 'scheduledDateTime': None}, {'_id': 'f2a5c906-fc94-45bc-b662-b94922e9570b', 'name': 'bp 1', 'sourceSite': {'_id': '82614385-3554-4495-ae1b-14c99dc0a3ce', 'name': 'src site'}, 'sourceVirtEnv': {'_id': 'ed839629-658e-4d7a-bc0c-ae4c2eb57e46', 'provider': {'_id': '1', 'key': 'vmware', 'name': 'vCenter'}, 'name': '172.21.254.160'}, 'targetSite': {'_id': '9648855e-0ac2-452d-9787-c33bcfcc3cda', 'name': 'dst site'}, 'targetVirtEnv': {'_id': 'a0608d2d-9340-47a8-8be9-249323bae0f8', 'provider': {'_id': '3', 'key': 'hyperv', 'name': 'hyperv'}, 'name': '10.61.187.211'}, 'protectionGroups': [{'_id': '0e417049-3ba2-4c32-ad93-349feb32ec80', 'name': 'rg 1', 'migrationMode': 'clone_based_migration'}], 'compliance': {'lastStatus': 'partially passed', 'timestamp': '2025-04-16T14:02:43.434Z'}, 'snapshotType': 'clone', 'requiresRescan': False, 'allowFailover': False, 'allowMigrate': True, 'allowConvert': False, 'testMappingPresent': False, 'ipConfigType': 'do_not_config', 'vmCount': 1, 'scheduledDateTime': None}], Response code is 200
2025-04-16 20:08:44,306 - CheckMigrationStatus - INFO - Retrieved blueprint by name create_blueprint_name_test is {'_id': '5ce24ed0-285e-44c4-a0bc-6dc054b4f142', 'name': 'create_blueprint_name_test', 'sourceSite': {'_id': 'c548b067-0b33-43b6-84e5-94ba386d2823', 'name': 'add_site_test_source_name_test'}, 'sourceVirtEnv': {'_id': 'd8879ad8-656f-4464-90ec-0477480ea30c', 'provider': {'_id': '1', 'key': 'vmware', 'name': 'vCenter'}, 'name': '172.21.254.197'}, 'targetSite': {'_id': 'bbd5886f-4f9c-4af5-8b76-01fb4138ffec', 'name': 'add_site_test_destination_name_test'}, 'targetVirtEnv': {'_id': '9197ad69-93d0-43c6-9fdd-1b5690c1840d', 'provider': {'_id': '3', 'key': 'hyperv', 'name': 'hyperv'}, 'name': '10.61.187.211'}, 'protectionGroups': [{'_id': '46daffa4-a964-4fca-a7e2-e74e24eaaf3d', 'name': 'add_resource_group_name_test', 'migrationMode': 'clone_based_migration'}], 'compliance': {'lastStatus': 'pass', 'timestamp': '2025-04-16T14:36:13.544Z'}, 'snapshotType': 'clone', 'requiresRescan': False, 'allowFailover': False, 'allowMigrate': True, 'allowConvert': False, 'testMappingPresent': False, 'ipConfigType': 'do_not_config', 'vmCount': 1, 'scheduledDateTime': None}
2025-04-16 20:08:44,306 - CheckMigrationStatus - INFO - Waiting for prepare vm to complete for blueprint id {'_id': '5ce24ed0-285e-44c4-a0bc-6dc054b4f142', 'name': 'create_blueprint_name_test', 'sourceSite': {'_id': 'c548b067-0b33-43b6-84e5-94ba386d2823', 'name': 'add_site_test_source_name_test'}, 'sourceVirtEnv': {'_id': 'd8879ad8-656f-4464-90ec-0477480ea30c', 'provider': {'_id': '1', 'key': 'vmware', 'name': 'vCenter'}, 'name': '172.21.254.197'}, 'targetSite': {'_id': 'bbd5886f-4f9c-4af5-8b76-01fb4138ffec', 'name': 'add_site_test_destination_name_test'}, 'targetVirtEnv': {'_id': '9197ad69-93d0-43c6-9fdd-1b5690c1840d', 'provider': {'_id': '3', 'key': 'hyperv', 'name': 'hyperv'}, 'name': '10.61.187.211'}, 'protectionGroups': [{'_id': '46daffa4-a964-4fca-a7e2-e74e24eaaf3d', 'name': 'add_resource_group_name_test', 'migrationMode': 'clone_based_migration'}], 'compliance': {'lastStatus': 'pass', 'timestamp': '2025-04-16T14:36:13.544Z'}, 'snapshotType': 'clone', 'requiresRescan': False, 'allowFailover': False, 'allowMigrate': True, 'allowConvert': False, 'testMappingPresent': False, 'ipConfigType': 'do_not_config', 'vmCount': 1, 'scheduledDateTime': None}
2025-04-16 20:08:44,306 - CheckMigrationStatus - INFO - Retrieving blueprint status using GET /api/recovery/drplan/status
2025-04-16 20:08:45,068 - CheckMigrationStatus - INFO - Response code for Blueprint status is 200
2025-04-16 20:08:46,072 - CheckMigrationStatus - INFO - Retrieving blueprint status using GET /api/recovery/drplan/status
2025-04-16 20:08:46,808 - CheckMigrationStatus - INFO - Response code for Blueprint status is 200
2025-04-16 20:08:47,813 - CheckMigrationStatus - INFO - Retrieving blueprint status using GET /api/recovery/drplan/status
2025-04-16 20:08:48,535 - CheckMigrationStatus - INFO - Response code for Blueprint status is 200
2025-04-16 20:08:49,540 - CheckMigrationStatus - INFO - Retrieving blueprint status using GET /api/recovery/drplan/status
2025-04-16 20:08:50,270 - CheckMigrationStatus - INFO - Response code for Blueprint status is 200
2025-04-16 20:08:51,275 - CheckMigrationStatus - INFO - Retrieving blueprint status using GET /api/recovery/drplan/status
2025-04-16 20:08:51,998 - CheckMigrationStatus - INFO - Response code for Blueprint status is 200
2025-04-16 20:08:53,004 - CheckMigrationStatus - INFO - Retrieving blueprint status using GET /api/recovery/drplan/status
2025-04-16 20:08:53,734 - CheckMigrationStatus - INFO - Response code for Blueprint status is 200
2025-04-16 20:08:54,740 - CheckMigrationStatus - INFO - Retrieving blueprint status using GET /api/recovery/drplan/status
2025-04-16 20:08:55,473 - CheckMigrationStatus - INFO - Response code for Blueprint status is 200
2025-04-16 20:08:56,475 - CheckMigrationStatus - INFO - Retrieving blueprint status using GET /api/recovery/drplan/status
2025-04-16 20:08:57,201 - CheckMigrationStatus - INFO - Response code for Blueprint status is 200
2025-04-16 20:08:58,206 - CheckMigrationStatus - INFO - Retrieving blueprint status using GET /api/recovery/drplan/status
2025-04-16 20:08:58,941 - CheckMigrationStatus - INFO - Response code for Blueprint status is 200
2025-04-16 20:08:59,947 - CheckMigrationStatus - INFO - Retrieving blueprint status using GET /api/recovery/drplan/status
2025-04-16 20:09:00,676 - CheckMigrationStatus - INFO - Response code for Blueprint status is 200
2025-04-16 20:09:01,677 - CheckMigrationStatus - INFO - Retrieving blueprint status using GET /api/recovery/drplan/status
2025-04-16 20:09:02,423 - CheckMigrationStatus - INFO - Response code for Blueprint status is 200
2025-04-16 20:09:03,426 - CheckMigrationStatus - INFO - Retrieving blueprint status using GET /api/recovery/drplan/status
2025-04-16 20:09:04,232 - CheckMigrationStatus - INFO - Response code for Blueprint status is 200
2025-04-16 20:09:05,234 - CheckMigrationStatus - INFO - Retrieving blueprint status using GET /api/recovery/drplan/status
2025-04-16 20:09:05,973 - CheckMigrationStatus - INFO - Response code for Blueprint status is 200
2025-04-16 20:09:06,976 - CheckMigrationStatus - INFO - Retrieving blueprint status using GET /api/recovery/drplan/status
2025-04-16 20:09:07,803 - CheckMigrationStatus - INFO - Response code for Blueprint status is 200
2025-04-16 20:09:08,808 - CheckMigrationStatus - INFO - Retrieving blueprint status using GET /api/recovery/drplan/status
2025-04-16 20:09:09,534 - CheckMigrationStatus - INFO - Response code for Blueprint status is 200
2025-04-16 20:09:10,535 - CheckMigrationStatus - INFO - Retrieving blueprint status using GET /api/recovery/drplan/status
2025-04-16 20:09:11,257 - CheckMigrationStatus - INFO - Response code for Blueprint status is 200
2025-04-16 20:09:12,262 - CheckMigrationStatus - INFO - Retrieving blueprint status using GET /api/recovery/drplan/status
2025-04-16 20:09:12,989 - CheckMigrationStatus - INFO - Response code for Blueprint status is 200
2025-04-16 20:09:13,994 - CheckMigrationStatus - INFO - Retrieving blueprint status using GET /api/recovery/drplan/status
2025-04-16 20:09:14,729 - CheckMigrationStatus - INFO - Response code for Blueprint status is 200
2025-04-16 20:09:15,730 - CheckMigrationStatus - INFO - Retrieving blueprint status using GET /api/recovery/drplan/status
2025-04-16 20:09:16,454 - CheckMigrationStatus - INFO - Response code for Blueprint status is 200
2025-04-16 20:09:17,459 - CheckMigrationStatus - INFO - Retrieving blueprint status using GET /api/recovery/drplan/status
2025-04-16 20:09:18,239 - CheckMigrationStatus - INFO - Response code for Blueprint status is 200
2025-04-16 20:09:19,244 - CheckMigrationStatus - INFO - Retrieving blueprint status using GET /api/recovery/drplan/status
2025-04-16 20:09:19,971 - CheckMigrationStatus - INFO - Response code for Blueprint status is 200
2025-04-16 20:09:20,976 - CheckMigrationStatus - INFO - Retrieving blueprint status using GET /api/recovery/drplan/status
2025-04-16 20:09:21,716 - CheckMigrationStatus - INFO - Response code for Blueprint status is 200
2025-04-16 20:09:22,721 - CheckMigrationStatus - INFO - Retrieving blueprint status using GET /api/recovery/drplan/status
2025-04-16 20:09:23,445 - CheckMigrationStatus - INFO - Response code for Blueprint status is 200
2025-04-16 20:09:24,446 - CheckMigrationStatus - INFO - Retrieving blueprint status using GET /api/recovery/drplan/status
2025-04-16 20:09:25,171 - CheckMigrationStatus - INFO - Response code for Blueprint status is 200
2025-04-16 20:09:26,173 - CheckMigrationStatus - INFO - Retrieving blueprint status using GET /api/recovery/drplan/status
2025-04-16 20:09:26,900 - CheckMigrationStatus - INFO - Response code for Blueprint status is 200
2025-04-16 20:09:27,905 - CheckMigrationStatus - INFO - Retrieving blueprint status using GET /api/recovery/drplan/status
2025-04-16 20:09:28,798 - CheckMigrationStatus - INFO - Response code for Blueprint status is 200
2025-04-16 20:09:29,802 - CheckMigrationStatus - INFO - Retrieving blueprint status using GET /api/recovery/drplan/status
2025-04-16 20:09:30,539 - CheckMigrationStatus - INFO - Response code for Blueprint status is 200
2025-04-16 20:09:31,544 - CheckMigrationStatus - INFO - Retrieving blueprint status using GET /api/recovery/drplan/status
2025-04-16 20:09:31,698 - CheckMigrationStatus - INFO - Please find the logs of the execution in the latest file of the logs folder
