2025-04-16 20:20:45,214 - ShiftApiAutomation - INFO - Starting workflow 1
2025-04-16 20:20:45,672 - ShiftApiAutomation - INFO - Starting execution for: shift_api_automation full migration check
2025-04-16 20:20:45,673 - ShiftApiAutomation - INFO - Skipping site creation as per configuration.
2025-04-16 20:20:45,673 - ShiftApiAutomation - INFO - Skipping resource group creation as per configuration.
2025-04-16 20:20:45,673 - ShiftApiAutomation - INFO - Skipping blueprint creation as per configuration.
2025-04-16 20:20:45,673 - ShiftApiAutomation - INFO - Waiting for prepare vm to complete for blueprint id 0606aa4d-f7b3-43b5-bfb8-8d2df6d61b89
2025-04-16 20:20:45,674 - ShiftApiAutomation - INFO - Retrieving blueprint status using GET /api/recovery/drplan/status
2025-04-16 20:20:46,467 - ShiftApiAutomation - INFO - Response code for Blueprint status is 200
2025-04-16 20:20:47,472 - ShiftApiAutomation - INFO - Retrieving blueprint status using GET /api/recovery/drplan/status
2025-04-16 20:20:48,198 - ShiftApiAutomation - INFO - Response code for Blueprint status is 200
2025-04-16 20:20:49,203 - ShiftApiAutomation - INFO - Retrieving blueprint status using GET /api/recovery/drplan/status
2025-04-16 20:20:50,012 - ShiftApiAutomation - INFO - Response code for Blueprint status is 200
2025-04-16 20:20:51,017 - ShiftApiAutomation - INFO - Retrieving blueprint status using GET /api/recovery/drplan/status
2025-04-16 20:20:51,740 - ShiftApiAutomation - INFO - Response code for Blueprint status is 200
2025-04-16 20:20:52,741 - ShiftApiAutomation - INFO - Retrieving blueprint status using GET /api/recovery/drplan/status
2025-04-16 20:20:53,464 - ShiftApiAutomation - INFO - Response code for Blueprint status is 200
2025-04-16 20:20:54,469 - ShiftApiAutomation - INFO - Retrieving blueprint status using GET /api/recovery/drplan/status
2025-04-16 20:20:55,195 - ShiftApiAutomation - INFO - Response code for Blueprint status is 200
2025-04-16 20:20:56,201 - ShiftApiAutomation - INFO - Retrieving blueprint status using GET /api/recovery/drplan/status
2025-04-16 20:20:56,924 - ShiftApiAutomation - INFO - Response code for Blueprint status is 200
2025-04-16 20:20:57,927 - ShiftApiAutomation - INFO - Retrieving blueprint status using GET /api/recovery/drplan/status
2025-04-16 20:20:58,724 - ShiftApiAutomation - INFO - Response code for Blueprint status is 200
2025-04-16 20:20:59,729 - ShiftApiAutomation - INFO - Retrieving blueprint status using GET /api/recovery/drplan/status
2025-04-16 20:21:00,450 - ShiftApiAutomation - INFO - Response code for Blueprint status is 200
2025-04-16 20:21:01,453 - ShiftApiAutomation - INFO - Retrieving blueprint status using GET /api/recovery/drplan/status
2025-04-16 20:21:02,180 - ShiftApiAutomation - INFO - Response code for Blueprint status is 200
2025-04-16 20:21:03,185 - ShiftApiAutomation - INFO - Retrieving blueprint status using GET /api/recovery/drplan/status
2025-04-16 20:21:03,960 - ShiftApiAutomation - INFO - Response code for Blueprint status is 200
2025-04-16 20:21:04,966 - ShiftApiAutomation - INFO - Retrieving blueprint status using GET /api/recovery/drplan/status
2025-04-16 20:21:05,792 - ShiftApiAutomation - INFO - Response code for Blueprint status is 200
2025-04-16 20:21:06,797 - ShiftApiAutomation - INFO - Retrieving blueprint status using GET /api/recovery/drplan/status
2025-04-16 20:21:07,526 - ShiftApiAutomation - INFO - Response code for Blueprint status is 200
2025-04-16 20:21:08,531 - ShiftApiAutomation - INFO - Retrieving blueprint status using GET /api/recovery/drplan/status
2025-04-16 20:21:09,369 - ShiftApiAutomation - INFO - Response code for Blueprint status is 200
2025-04-16 20:21:10,371 - ShiftApiAutomation - INFO - Retrieving blueprint status using GET /api/recovery/drplan/status
2025-04-16 20:21:11,097 - ShiftApiAutomation - INFO - Response code for Blueprint status is 200
2025-04-16 20:21:12,101 - ShiftApiAutomation - INFO - Retrieving blueprint status using GET /api/recovery/drplan/status
2025-04-16 20:21:12,826 - ShiftApiAutomation - INFO - Response code for Blueprint status is 200
2025-04-16 20:21:13,828 - ShiftApiAutomation - INFO - Retrieving blueprint status using GET /api/recovery/drplan/status
2025-04-16 20:21:14,566 - ShiftApiAutomation - INFO - Response code for Blueprint status is 200
2025-04-16 20:21:15,567 - ShiftApiAutomation - INFO - Retrieving blueprint status using GET /api/recovery/drplan/status
2025-04-16 20:21:16,347 - ShiftApiAutomation - INFO - Response code for Blueprint status is 200
2025-04-16 20:21:17,353 - ShiftApiAutomation - INFO - Retrieving blueprint status using GET /api/recovery/drplan/status
2025-04-16 20:21:18,077 - ShiftApiAutomation - INFO - Response code for Blueprint status is 200
2025-04-16 20:21:19,082 - ShiftApiAutomation - INFO - Retrieving blueprint status using GET /api/recovery/drplan/status
2025-04-16 20:21:19,827 - ShiftApiAutomation - INFO - Response code for Blueprint status is 200
2025-04-16 20:21:20,833 - ShiftApiAutomation - INFO - Retrieving blueprint status using GET /api/recovery/drplan/status
2025-04-16 20:21:21,557 - ShiftApiAutomation - INFO - Response code for Blueprint status is 200
2025-04-16 20:21:22,562 - ShiftApiAutomation - INFO - Retrieving blueprint status using GET /api/recovery/drplan/status
2025-04-16 20:21:23,435 - ShiftApiAutomation - INFO - Response code for Blueprint status is 200
2025-04-16 20:21:24,441 - ShiftApiAutomation - INFO - Retrieving blueprint status using GET /api/recovery/drplan/status
2025-04-16 20:21:25,238 - ShiftApiAutomation - INFO - Response code for Blueprint status is 200
2025-04-16 20:21:26,242 - ShiftApiAutomation - INFO - Retrieving blueprint status using GET /api/recovery/drplan/status
2025-04-16 20:21:27,007 - ShiftApiAutomation - INFO - Response code for Blueprint status is 200
2025-04-16 20:21:28,011 - ShiftApiAutomation - INFO - Retrieving blueprint status using GET /api/recovery/drplan/status
2025-04-16 20:21:28,189 - ShiftApiAutomation - INFO - Please find the logs of the execution in the latest file of the logs folder
