2025-04-16 21:11:15,524 - AddSite - INFO - Get Site workflow started
2025-04-16 21:11:15,524 - AddSite - INFO - Starting add site workflow 1
2025-04-16 21:11:15,983 - AddSite - INFO - Creating source site using POST api/setup/site API for data
2025-04-16 21:11:16,789 - AddSite - INFO - Source site id created is a714c3de-532f-4fc4-b0ba-a5960111c50b, Response code is 200
2025-04-16 21:11:16,789 - AddSite - INFO - Source site created with id: a714c3de-532f-4fc4-b0ba-a5960111c50b
2025-04-16 21:11:16,789 - AddSite - INFO - Getting vmware site details using GET /api/setup/site API for a714c3de-532f-4fc4-b0ba-a5960111c50b
2025-04-16 21:11:17,242 - AddSite - INFO - Source site id created, Response code is 200
2025-04-16 21:11:17,242 - AddSite - INFO - VMware source site details created are {'_id': 'a714c3de-532f-4fc4-b0ba-a5960111c50b', 'name': 'add_site_test_source_name_ps_test', 'connectorId': 'connector_id', 'storageType': 'ontap_nfs', 'sitePurpose': {'_id': '1', 'key': 'source', 'name': 'Source'}, 'dataRetentionDays': None, 'dataIntervalSecs': None, 'collectPerfMetricsFlag': None, 'hypervisor': 'vmware', 'location': {'_id': '1', 'key': 'on-prem', 'name': 'On-prem'}, 'virtualizationEnvironmentsCount': 1, 'storageEnvironmentsCount': 1, 'discoveryStatuses': []}
2025-04-16 21:11:17,243 - AddSite - INFO - Source site details: {'_id': 'a714c3de-532f-4fc4-b0ba-a5960111c50b', 'name': 'add_site_test_source_name_ps_test', 'connectorId': 'connector_id', 'storageType': 'ontap_nfs', 'sitePurpose': {'_id': '1', 'key': 'source', 'name': 'Source'}, 'dataRetentionDays': None, 'dataIntervalSecs': None, 'collectPerfMetricsFlag': None, 'hypervisor': 'vmware', 'location': {'_id': '1', 'key': 'on-prem', 'name': 'On-prem'}, 'virtualizationEnvironmentsCount': 1, 'storageEnvironmentsCount': 1, 'discoveryStatuses': []}
2025-04-16 21:11:17,243 - AddSite - INFO - Waiting for site discovery to complete for site id a714c3de-532f-4fc4-b0ba-a5960111c50b
2025-04-16 21:11:17,243 - AddSite - INFO - Getting vmware site details using GET /api/setup/site API for a714c3de-532f-4fc4-b0ba-a5960111c50b
2025-04-16 21:11:17,700 - AddSite - INFO - Source site id created, Response code is 200
2025-04-16 21:11:17,700 - AddSite - INFO - VMware source site details created are {'_id': 'a714c3de-532f-4fc4-b0ba-a5960111c50b', 'name': 'add_site_test_source_name_ps_test', 'connectorId': 'connector_id', 'storageType': 'ontap_nfs', 'sitePurpose': {'_id': '1', 'key': 'source', 'name': 'Source'}, 'dataRetentionDays': None, 'dataIntervalSecs': None, 'collectPerfMetricsFlag': None, 'hypervisor': 'vmware', 'location': {'_id': '1', 'key': 'on-prem', 'name': 'On-prem'}, 'virtualizationEnvironmentsCount': 1, 'storageEnvironmentsCount': 1, 'discoveryStatuses': []}
2025-04-16 21:11:18,703 - AddSite - INFO - Getting vmware site details using GET /api/setup/site API for a714c3de-532f-4fc4-b0ba-a5960111c50b
2025-04-16 21:11:19,158 - AddSite - INFO - Source site id created, Response code is 200
2025-04-16 21:11:19,159 - AddSite - INFO - VMware source site details created are {'_id': 'a714c3de-532f-4fc4-b0ba-a5960111c50b', 'name': 'add_site_test_source_name_ps_test', 'connectorId': 'connector_id', 'storageType': 'ontap_nfs', 'sitePurpose': {'_id': '1', 'key': 'source', 'name': 'Source'}, 'dataRetentionDays': None, 'dataIntervalSecs': None, 'collectPerfMetricsFlag': None, 'hypervisor': 'vmware', 'location': {'_id': '1', 'key': 'on-prem', 'name': 'On-prem'}, 'virtualizationEnvironmentsCount': 1, 'storageEnvironmentsCount': 1, 'discoveryStatuses': []}
2025-04-16 21:11:20,161 - AddSite - INFO - Getting vmware site details using GET /api/setup/site API for a714c3de-532f-4fc4-b0ba-a5960111c50b
2025-04-16 21:11:20,623 - AddSite - INFO - Source site id created, Response code is 200
2025-04-16 21:11:20,624 - AddSite - INFO - VMware source site details created are {'_id': 'a714c3de-532f-4fc4-b0ba-a5960111c50b', 'name': 'add_site_test_source_name_ps_test', 'connectorId': 'connector_id', 'storageType': 'ontap_nfs', 'sitePurpose': {'_id': '1', 'key': 'source', 'name': 'Source'}, 'dataRetentionDays': None, 'dataIntervalSecs': None, 'collectPerfMetricsFlag': None, 'hypervisor': 'vmware', 'location': {'_id': '1', 'key': 'on-prem', 'name': 'On-prem'}, 'virtualizationEnvironmentsCount': 1, 'storageEnvironmentsCount': 1, 'discoveryStatuses': []}
2025-04-16 21:11:21,628 - AddSite - INFO - Getting vmware site details using GET /api/setup/site API for a714c3de-532f-4fc4-b0ba-a5960111c50b
2025-04-16 21:11:22,080 - AddSite - INFO - Source site id created, Response code is 200
2025-04-16 21:11:22,081 - AddSite - INFO - VMware source site details created are {'_id': 'a714c3de-532f-4fc4-b0ba-a5960111c50b', 'name': 'add_site_test_source_name_ps_test', 'connectorId': 'connector_id', 'storageType': 'ontap_nfs', 'sitePurpose': {'_id': '1', 'key': 'source', 'name': 'Source'}, 'dataRetentionDays': None, 'dataIntervalSecs': None, 'collectPerfMetricsFlag': None, 'hypervisor': 'vmware', 'location': {'_id': '1', 'key': 'on-prem', 'name': 'On-prem'}, 'virtualizationEnvironmentsCount': 1, 'storageEnvironmentsCount': 1, 'discoveryStatuses': []}
2025-04-16 21:11:23,082 - AddSite - INFO - Getting vmware site details using GET /api/setup/site API for a714c3de-532f-4fc4-b0ba-a5960111c50b
2025-04-16 21:11:23,538 - AddSite - INFO - Source site id created, Response code is 200
2025-04-16 21:11:23,539 - AddSite - INFO - VMware source site details created are {'_id': 'a714c3de-532f-4fc4-b0ba-a5960111c50b', 'name': 'add_site_test_source_name_ps_test', 'connectorId': 'connector_id', 'storageType': 'ontap_nfs', 'sitePurpose': {'_id': '1', 'key': 'source', 'name': 'Source'}, 'dataRetentionDays': None, 'dataIntervalSecs': None, 'collectPerfMetricsFlag': None, 'hypervisor': 'vmware', 'location': {'_id': '1', 'key': 'on-prem', 'name': 'On-prem'}, 'virtualizationEnvironmentsCount': 1, 'storageEnvironmentsCount': 1, 'discoveryStatuses': []}
2025-04-16 21:11:24,544 - AddSite - INFO - Getting vmware site details using GET /api/setup/site API for a714c3de-532f-4fc4-b0ba-a5960111c50b
2025-04-16 21:11:25,059 - AddSite - INFO - Source site id created, Response code is 200
2025-04-16 21:11:25,059 - AddSite - INFO - VMware source site details created are {'_id': 'a714c3de-532f-4fc4-b0ba-a5960111c50b', 'name': 'add_site_test_source_name_ps_test', 'connectorId': 'connector_id', 'storageType': 'ontap_nfs', 'sitePurpose': {'_id': '1', 'key': 'source', 'name': 'Source'}, 'dataRetentionDays': None, 'dataIntervalSecs': None, 'collectPerfMetricsFlag': None, 'hypervisor': 'vmware', 'location': {'_id': '1', 'key': 'on-prem', 'name': 'On-prem'}, 'virtualizationEnvironmentsCount': 1, 'storageEnvironmentsCount': 1, 'discoveryStatuses': [{'discoveryRequestId': '055ecfb5-9198-40df-8994-1f48d66c1bfb', 'virtEnv': {'_id': 'f9c454e5-05b5-4000-a1e3-ebc6bf7f3aa3', 'name': '172.21.254.197'}, 'status': 3}]}
2025-04-16 21:11:26,063 - AddSite - INFO - Getting vmware site details using GET /api/setup/site API for a714c3de-532f-4fc4-b0ba-a5960111c50b
2025-04-16 21:11:26,526 - AddSite - INFO - Source site id created, Response code is 200
2025-04-16 21:11:26,527 - AddSite - INFO - VMware source site details created are {'_id': 'a714c3de-532f-4fc4-b0ba-a5960111c50b', 'name': 'add_site_test_source_name_ps_test', 'connectorId': 'connector_id', 'storageType': 'ontap_nfs', 'sitePurpose': {'_id': '1', 'key': 'source', 'name': 'Source'}, 'dataRetentionDays': None, 'dataIntervalSecs': None, 'collectPerfMetricsFlag': None, 'hypervisor': 'vmware', 'location': {'_id': '1', 'key': 'on-prem', 'name': 'On-prem'}, 'virtualizationEnvironmentsCount': 1, 'storageEnvironmentsCount': 1, 'discoveryStatuses': [{'discoveryRequestId': '055ecfb5-9198-40df-8994-1f48d66c1bfb', 'virtEnv': {'_id': 'f9c454e5-05b5-4000-a1e3-ebc6bf7f3aa3', 'name': '172.21.254.197'}, 'status': 4}]}
2025-04-16 21:11:26,527 - AddSite - INFO - Status is 4. Exiting wait loop for target discovery.
2025-04-16 21:11:26,527 - AddSite - INFO - Source site discovery completed successfully
2025-04-16 21:11:26,527 - AddSite - INFO - Creating destination site using POST api/setup/site API for data
2025-04-16 21:11:32,011 - AddSite - INFO - Destination site id created is 4360adc6-c663-402b-8b77-0bd9e8820910, Response code is 200
2025-04-16 21:11:32,011 - AddSite - INFO - Destination site created with id: 4360adc6-c663-402b-8b77-0bd9e8820910
2025-04-16 21:11:32,011 - AddSite - INFO - Getting hyper-v site details using GET /api/setup/site API for 4360adc6-c663-402b-8b77-0bd9e8820910
2025-04-16 21:11:32,459 - AddSite - INFO - Source site id created, Response code is 200
2025-04-16 21:11:32,459 - AddSite - INFO - Hyper-V destination site details created are {'_id': '4360adc6-c663-402b-8b77-0bd9e8820910', 'name': 'add_site_test_destination_name_ps_test', 'connectorId': 'connector_id', 'storageType': 'ontap_nfs', 'sitePurpose': {'_id': '2', 'key': 'target', 'name': 'Target'}, 'dataRetentionDays': None, 'dataIntervalSecs': None, 'collectPerfMetricsFlag': None, 'hypervisor': 'hyperv', 'location': {'_id': '1', 'key': 'on-prem', 'name': 'On-prem'}, 'virtualizationEnvironmentsCount': 1, 'storageEnvironmentsCount': 1, 'discoveryStatuses': []}
2025-04-16 21:11:32,459 - AddSite - INFO - Destination site details: {'_id': '4360adc6-c663-402b-8b77-0bd9e8820910', 'name': 'add_site_test_destination_name_ps_test', 'connectorId': 'connector_id', 'storageType': 'ontap_nfs', 'sitePurpose': {'_id': '2', 'key': 'target', 'name': 'Target'}, 'dataRetentionDays': None, 'dataIntervalSecs': None, 'collectPerfMetricsFlag': None, 'hypervisor': 'hyperv', 'location': {'_id': '1', 'key': 'on-prem', 'name': 'On-prem'}, 'virtualizationEnvironmentsCount': 1, 'storageEnvironmentsCount': 1, 'discoveryStatuses': []}
2025-04-16 21:11:32,459 - AddSite - INFO - Waiting for site discovery to complete for site id 4360adc6-c663-402b-8b77-0bd9e8820910
2025-04-16 21:11:32,459 - AddSite - INFO - Getting hyper-v site details using GET /api/setup/site API for 4360adc6-c663-402b-8b77-0bd9e8820910
2025-04-16 21:11:32,911 - AddSite - INFO - Source site id created, Response code is 200
2025-04-16 21:11:32,912 - AddSite - INFO - Hyper-V destination site details created are {'_id': '4360adc6-c663-402b-8b77-0bd9e8820910', 'name': 'add_site_test_destination_name_ps_test', 'connectorId': 'connector_id', 'storageType': 'ontap_nfs', 'sitePurpose': {'_id': '2', 'key': 'target', 'name': 'Target'}, 'dataRetentionDays': None, 'dataIntervalSecs': None, 'collectPerfMetricsFlag': None, 'hypervisor': 'hyperv', 'location': {'_id': '1', 'key': 'on-prem', 'name': 'On-prem'}, 'virtualizationEnvironmentsCount': 1, 'storageEnvironmentsCount': 1, 'discoveryStatuses': []}
2025-04-16 21:11:33,918 - AddSite - INFO - Getting hyper-v site details using GET /api/setup/site API for 4360adc6-c663-402b-8b77-0bd9e8820910
2025-04-16 21:11:34,379 - AddSite - INFO - Source site id created, Response code is 200
2025-04-16 21:11:34,379 - AddSite - INFO - Hyper-V destination site details created are {'_id': '4360adc6-c663-402b-8b77-0bd9e8820910', 'name': 'add_site_test_destination_name_ps_test', 'connectorId': 'connector_id', 'storageType': 'ontap_nfs', 'sitePurpose': {'_id': '2', 'key': 'target', 'name': 'Target'}, 'dataRetentionDays': None, 'dataIntervalSecs': None, 'collectPerfMetricsFlag': None, 'hypervisor': 'hyperv', 'location': {'_id': '1', 'key': 'on-prem', 'name': 'On-prem'}, 'virtualizationEnvironmentsCount': 1, 'storageEnvironmentsCount': 1, 'discoveryStatuses': [{'discoveryRequestId': '3a5e86be-ed9a-4ee3-a9e7-3aef0f8fa6d7', 'virtEnv': {'_id': '3d3d89e0-fb23-45d8-a15f-613f47562d3e', 'name': '10.61.187.211'}, 'status': 3}]}
2025-04-16 21:11:35,381 - AddSite - INFO - Getting hyper-v site details using GET /api/setup/site API for 4360adc6-c663-402b-8b77-0bd9e8820910
2025-04-16 21:11:35,839 - AddSite - INFO - Source site id created, Response code is 200
2025-04-16 21:11:35,840 - AddSite - INFO - Hyper-V destination site details created are {'_id': '4360adc6-c663-402b-8b77-0bd9e8820910', 'name': 'add_site_test_destination_name_ps_test', 'connectorId': 'connector_id', 'storageType': 'ontap_nfs', 'sitePurpose': {'_id': '2', 'key': 'target', 'name': 'Target'}, 'dataRetentionDays': None, 'dataIntervalSecs': None, 'collectPerfMetricsFlag': None, 'hypervisor': 'hyperv', 'location': {'_id': '1', 'key': 'on-prem', 'name': 'On-prem'}, 'virtualizationEnvironmentsCount': 1, 'storageEnvironmentsCount': 1, 'discoveryStatuses': [{'discoveryRequestId': '3a5e86be-ed9a-4ee3-a9e7-3aef0f8fa6d7', 'virtEnv': {'_id': '3d3d89e0-fb23-45d8-a15f-613f47562d3e', 'name': '10.61.187.211'}, 'status': 3}]}
2025-04-16 21:11:36,845 - AddSite - INFO - Getting hyper-v site details using GET /api/setup/site API for 4360adc6-c663-402b-8b77-0bd9e8820910
2025-04-16 21:11:37,307 - AddSite - INFO - Source site id created, Response code is 200
2025-04-16 21:11:37,307 - AddSite - INFO - Hyper-V destination site details created are {'_id': '4360adc6-c663-402b-8b77-0bd9e8820910', 'name': 'add_site_test_destination_name_ps_test', 'connectorId': 'connector_id', 'storageType': 'ontap_nfs', 'sitePurpose': {'_id': '2', 'key': 'target', 'name': 'Target'}, 'dataRetentionDays': None, 'dataIntervalSecs': None, 'collectPerfMetricsFlag': None, 'hypervisor': 'hyperv', 'location': {'_id': '1', 'key': 'on-prem', 'name': 'On-prem'}, 'virtualizationEnvironmentsCount': 1, 'storageEnvironmentsCount': 1, 'discoveryStatuses': [{'discoveryRequestId': '3a5e86be-ed9a-4ee3-a9e7-3aef0f8fa6d7', 'virtEnv': {'_id': '3d3d89e0-fb23-45d8-a15f-613f47562d3e', 'name': '10.61.187.211'}, 'status': 3}]}
2025-04-16 21:11:38,312 - AddSite - INFO - Getting hyper-v site details using GET /api/setup/site API for 4360adc6-c663-402b-8b77-0bd9e8820910
2025-04-16 21:11:38,826 - AddSite - INFO - Source site id created, Response code is 200
2025-04-16 21:11:38,827 - AddSite - INFO - Hyper-V destination site details created are {'_id': '4360adc6-c663-402b-8b77-0bd9e8820910', 'name': 'add_site_test_destination_name_ps_test', 'connectorId': 'connector_id', 'storageType': 'ontap_nfs', 'sitePurpose': {'_id': '2', 'key': 'target', 'name': 'Target'}, 'dataRetentionDays': None, 'dataIntervalSecs': None, 'collectPerfMetricsFlag': None, 'hypervisor': 'hyperv', 'location': {'_id': '1', 'key': 'on-prem', 'name': 'On-prem'}, 'virtualizationEnvironmentsCount': 1, 'storageEnvironmentsCount': 1, 'discoveryStatuses': [{'discoveryRequestId': '3a5e86be-ed9a-4ee3-a9e7-3aef0f8fa6d7', 'virtEnv': {'_id': '3d3d89e0-fb23-45d8-a15f-613f47562d3e', 'name': '10.61.187.211'}, 'status': 3}]}
2025-04-16 21:11:39,829 - AddSite - INFO - Getting hyper-v site details using GET /api/setup/site API for 4360adc6-c663-402b-8b77-0bd9e8820910
2025-04-16 21:11:40,393 - AddSite - INFO - Source site id created, Response code is 200
2025-04-16 21:11:40,394 - AddSite - INFO - Hyper-V destination site details created are {'_id': '4360adc6-c663-402b-8b77-0bd9e8820910', 'name': 'add_site_test_destination_name_ps_test', 'connectorId': 'connector_id', 'storageType': 'ontap_nfs', 'sitePurpose': {'_id': '2', 'key': 'target', 'name': 'Target'}, 'dataRetentionDays': None, 'dataIntervalSecs': None, 'collectPerfMetricsFlag': None, 'hypervisor': 'hyperv', 'location': {'_id': '1', 'key': 'on-prem', 'name': 'On-prem'}, 'virtualizationEnvironmentsCount': 1, 'storageEnvironmentsCount': 1, 'discoveryStatuses': [{'discoveryRequestId': '3a5e86be-ed9a-4ee3-a9e7-3aef0f8fa6d7', 'virtEnv': {'_id': '3d3d89e0-fb23-45d8-a15f-613f47562d3e', 'name': '10.61.187.211'}, 'status': 3}]}
2025-04-16 21:11:41,399 - AddSite - INFO - Getting hyper-v site details using GET /api/setup/site API for 4360adc6-c663-402b-8b77-0bd9e8820910
2025-04-16 21:11:41,861 - AddSite - INFO - Source site id created, Response code is 200
2025-04-16 21:11:41,861 - AddSite - INFO - Hyper-V destination site details created are {'_id': '4360adc6-c663-402b-8b77-0bd9e8820910', 'name': 'add_site_test_destination_name_ps_test', 'connectorId': 'connector_id', 'storageType': 'ontap_nfs', 'sitePurpose': {'_id': '2', 'key': 'target', 'name': 'Target'}, 'dataRetentionDays': None, 'dataIntervalSecs': None, 'collectPerfMetricsFlag': None, 'hypervisor': 'hyperv', 'location': {'_id': '1', 'key': 'on-prem', 'name': 'On-prem'}, 'virtualizationEnvironmentsCount': 1, 'storageEnvironmentsCount': 1, 'discoveryStatuses': [{'discoveryRequestId': '3a5e86be-ed9a-4ee3-a9e7-3aef0f8fa6d7', 'virtEnv': {'_id': '3d3d89e0-fb23-45d8-a15f-613f47562d3e', 'name': '10.61.187.211'}, 'status': 3}]}
2025-04-16 21:11:42,862 - AddSite - INFO - Getting hyper-v site details using GET /api/setup/site API for 4360adc6-c663-402b-8b77-0bd9e8820910
2025-04-16 21:11:43,327 - AddSite - INFO - Source site id created, Response code is 200
2025-04-16 21:11:43,328 - AddSite - INFO - Hyper-V destination site details created are {'_id': '4360adc6-c663-402b-8b77-0bd9e8820910', 'name': 'add_site_test_destination_name_ps_test', 'connectorId': 'connector_id', 'storageType': 'ontap_nfs', 'sitePurpose': {'_id': '2', 'key': 'target', 'name': 'Target'}, 'dataRetentionDays': None, 'dataIntervalSecs': None, 'collectPerfMetricsFlag': None, 'hypervisor': 'hyperv', 'location': {'_id': '1', 'key': 'on-prem', 'name': 'On-prem'}, 'virtualizationEnvironmentsCount': 1, 'storageEnvironmentsCount': 1, 'discoveryStatuses': [{'discoveryRequestId': '3a5e86be-ed9a-4ee3-a9e7-3aef0f8fa6d7', 'virtEnv': {'_id': '3d3d89e0-fb23-45d8-a15f-613f47562d3e', 'name': '10.61.187.211'}, 'status': 3}]}
2025-04-16 21:11:44,333 - AddSite - INFO - Getting hyper-v site details using GET /api/setup/site API for 4360adc6-c663-402b-8b77-0bd9e8820910
2025-04-16 21:11:44,799 - AddSite - INFO - Source site id created, Response code is 200
2025-04-16 21:11:44,800 - AddSite - INFO - Hyper-V destination site details created are {'_id': '4360adc6-c663-402b-8b77-0bd9e8820910', 'name': 'add_site_test_destination_name_ps_test', 'connectorId': 'connector_id', 'storageType': 'ontap_nfs', 'sitePurpose': {'_id': '2', 'key': 'target', 'name': 'Target'}, 'dataRetentionDays': None, 'dataIntervalSecs': None, 'collectPerfMetricsFlag': None, 'hypervisor': 'hyperv', 'location': {'_id': '1', 'key': 'on-prem', 'name': 'On-prem'}, 'virtualizationEnvironmentsCount': 1, 'storageEnvironmentsCount': 1, 'discoveryStatuses': [{'discoveryRequestId': '3a5e86be-ed9a-4ee3-a9e7-3aef0f8fa6d7', 'virtEnv': {'_id': '3d3d89e0-fb23-45d8-a15f-613f47562d3e', 'name': '10.61.187.211'}, 'status': 3}]}
2025-04-16 21:11:45,803 - AddSite - INFO - Getting hyper-v site details using GET /api/setup/site API for 4360adc6-c663-402b-8b77-0bd9e8820910
2025-04-16 21:11:46,332 - AddSite - INFO - Source site id created, Response code is 200
2025-04-16 21:11:46,332 - AddSite - INFO - Hyper-V destination site details created are {'_id': '4360adc6-c663-402b-8b77-0bd9e8820910', 'name': 'add_site_test_destination_name_ps_test', 'connectorId': 'connector_id', 'storageType': 'ontap_nfs', 'sitePurpose': {'_id': '2', 'key': 'target', 'name': 'Target'}, 'dataRetentionDays': None, 'dataIntervalSecs': None, 'collectPerfMetricsFlag': None, 'hypervisor': 'hyperv', 'location': {'_id': '1', 'key': 'on-prem', 'name': 'On-prem'}, 'virtualizationEnvironmentsCount': 1, 'storageEnvironmentsCount': 1, 'discoveryStatuses': [{'discoveryRequestId': '3a5e86be-ed9a-4ee3-a9e7-3aef0f8fa6d7', 'virtEnv': {'_id': '3d3d89e0-fb23-45d8-a15f-613f47562d3e', 'name': '10.61.187.211'}, 'status': 4}]}
2025-04-16 21:11:46,332 - AddSite - INFO - Status is 4. Exiting wait loop for target discovery.
2025-04-16 21:11:46,332 - AddSite - INFO - Destination site discovery completed successfully
2025-04-16 21:11:46,790 - AddSite - INFO - Please find the logs of the execution in the latest file of the logs folder
