2025-04-16 20:04:01,991 - AddSite - INFO - Get Site workflow started
2025-04-16 20:04:01,992 - AddSite - INFO - Starting add site workflow 1
2025-04-16 20:04:02,458 - AddSite - INFO - Creating source site using POST api/setup/site API for data
2025-04-16 20:04:03,256 - AddSite - INFO - Source site id created is c548b067-0b33-43b6-84e5-94ba386d2823, Response code is 200
2025-04-16 20:04:03,256 - AddSite - INFO - Source site created with id: c548b067-0b33-43b6-84e5-94ba386d2823
2025-04-16 20:04:03,256 - AddSite - INFO - Getting vmware site details using GET /api/setup/site API for c548b067-0b33-43b6-84e5-94ba386d2823
2025-04-16 20:04:03,705 - AddSite - INFO - Source site id created, Response code is 200
2025-04-16 20:04:03,706 - AddSite - INFO - VMware source site details created are {'_id': 'c548b067-0b33-43b6-84e5-94ba386d2823', 'name': 'add_site_test_source_name_test', 'connectorId': 'connector_id', 'storageType': 'ontap_nfs', 'sitePurpose': {'_id': '1', 'key': 'source', 'name': 'Source'}, 'dataRetentionDays': None, 'dataIntervalSecs': None, 'collectPerfMetricsFlag': None, 'hypervisor': 'vmware', 'location': {'_id': '1', 'key': 'on-prem', 'name': 'On-prem'}, 'virtualizationEnvironmentsCount': 1, 'storageEnvironmentsCount': 1, 'discoveryStatuses': []}
2025-04-16 20:04:03,707 - AddSite - INFO - Source site details: {'_id': 'c548b067-0b33-43b6-84e5-94ba386d2823', 'name': 'add_site_test_source_name_test', 'connectorId': 'connector_id', 'storageType': 'ontap_nfs', 'sitePurpose': {'_id': '1', 'key': 'source', 'name': 'Source'}, 'dataRetentionDays': None, 'dataIntervalSecs': None, 'collectPerfMetricsFlag': None, 'hypervisor': 'vmware', 'location': {'_id': '1', 'key': 'on-prem', 'name': 'On-prem'}, 'virtualizationEnvironmentsCount': 1, 'storageEnvironmentsCount': 1, 'discoveryStatuses': []}
2025-04-16 20:04:03,707 - AddSite - INFO - Waiting for site discovery to complete for site id c548b067-0b33-43b6-84e5-94ba386d2823
2025-04-16 20:04:03,707 - AddSite - INFO - Getting vmware site details using GET /api/setup/site API for c548b067-0b33-43b6-84e5-94ba386d2823
2025-04-16 20:04:04,158 - AddSite - INFO - Source site id created, Response code is 200
2025-04-16 20:04:04,158 - AddSite - INFO - VMware source site details created are {'_id': 'c548b067-0b33-43b6-84e5-94ba386d2823', 'name': 'add_site_test_source_name_test', 'connectorId': 'connector_id', 'storageType': 'ontap_nfs', 'sitePurpose': {'_id': '1', 'key': 'source', 'name': 'Source'}, 'dataRetentionDays': None, 'dataIntervalSecs': None, 'collectPerfMetricsFlag': None, 'hypervisor': 'vmware', 'location': {'_id': '1', 'key': 'on-prem', 'name': 'On-prem'}, 'virtualizationEnvironmentsCount': 1, 'storageEnvironmentsCount': 1, 'discoveryStatuses': []}
2025-04-16 20:04:05,162 - AddSite - INFO - Getting vmware site details using GET /api/setup/site API for c548b067-0b33-43b6-84e5-94ba386d2823
2025-04-16 20:04:05,714 - AddSite - INFO - Source site id created, Response code is 200
2025-04-16 20:04:05,714 - AddSite - INFO - VMware source site details created are {'_id': 'c548b067-0b33-43b6-84e5-94ba386d2823', 'name': 'add_site_test_source_name_test', 'connectorId': 'connector_id', 'storageType': 'ontap_nfs', 'sitePurpose': {'_id': '1', 'key': 'source', 'name': 'Source'}, 'dataRetentionDays': None, 'dataIntervalSecs': None, 'collectPerfMetricsFlag': None, 'hypervisor': 'vmware', 'location': {'_id': '1', 'key': 'on-prem', 'name': 'On-prem'}, 'virtualizationEnvironmentsCount': 1, 'storageEnvironmentsCount': 1, 'discoveryStatuses': []}
2025-04-16 20:04:06,718 - AddSite - INFO - Getting vmware site details using GET /api/setup/site API for c548b067-0b33-43b6-84e5-94ba386d2823
2025-04-16 20:04:07,168 - AddSite - INFO - Source site id created, Response code is 200
2025-04-16 20:04:07,168 - AddSite - INFO - VMware source site details created are {'_id': 'c548b067-0b33-43b6-84e5-94ba386d2823', 'name': 'add_site_test_source_name_test', 'connectorId': 'connector_id', 'storageType': 'ontap_nfs', 'sitePurpose': {'_id': '1', 'key': 'source', 'name': 'Source'}, 'dataRetentionDays': None, 'dataIntervalSecs': None, 'collectPerfMetricsFlag': None, 'hypervisor': 'vmware', 'location': {'_id': '1', 'key': 'on-prem', 'name': 'On-prem'}, 'virtualizationEnvironmentsCount': 1, 'storageEnvironmentsCount': 1, 'discoveryStatuses': []}
2025-04-16 20:04:08,172 - AddSite - INFO - Getting vmware site details using GET /api/setup/site API for c548b067-0b33-43b6-84e5-94ba386d2823
2025-04-16 20:04:08,894 - AddSite - INFO - Source site id created, Response code is 200
2025-04-16 20:04:08,895 - AddSite - INFO - VMware source site details created are {'_id': 'c548b067-0b33-43b6-84e5-94ba386d2823', 'name': 'add_site_test_source_name_test', 'connectorId': 'connector_id', 'storageType': 'ontap_nfs', 'sitePurpose': {'_id': '1', 'key': 'source', 'name': 'Source'}, 'dataRetentionDays': None, 'dataIntervalSecs': None, 'collectPerfMetricsFlag': None, 'hypervisor': 'vmware', 'location': {'_id': '1', 'key': 'on-prem', 'name': 'On-prem'}, 'virtualizationEnvironmentsCount': 1, 'storageEnvironmentsCount': 1, 'discoveryStatuses': []}
2025-04-16 20:04:09,895 - AddSite - INFO - Getting vmware site details using GET /api/setup/site API for c548b067-0b33-43b6-84e5-94ba386d2823
2025-04-16 20:04:10,345 - AddSite - INFO - Source site id created, Response code is 200
2025-04-16 20:04:10,345 - AddSite - INFO - VMware source site details created are {'_id': 'c548b067-0b33-43b6-84e5-94ba386d2823', 'name': 'add_site_test_source_name_test', 'connectorId': 'connector_id', 'storageType': 'ontap_nfs', 'sitePurpose': {'_id': '1', 'key': 'source', 'name': 'Source'}, 'dataRetentionDays': None, 'dataIntervalSecs': None, 'collectPerfMetricsFlag': None, 'hypervisor': 'vmware', 'location': {'_id': '1', 'key': 'on-prem', 'name': 'On-prem'}, 'virtualizationEnvironmentsCount': 1, 'storageEnvironmentsCount': 1, 'discoveryStatuses': []}
2025-04-16 20:04:11,351 - AddSite - INFO - Getting vmware site details using GET /api/setup/site API for c548b067-0b33-43b6-84e5-94ba386d2823
2025-04-16 20:04:11,802 - AddSite - INFO - Source site id created, Response code is 200
2025-04-16 20:04:11,803 - AddSite - INFO - VMware source site details created are {'_id': 'c548b067-0b33-43b6-84e5-94ba386d2823', 'name': 'add_site_test_source_name_test', 'connectorId': 'connector_id', 'storageType': 'ontap_nfs', 'sitePurpose': {'_id': '1', 'key': 'source', 'name': 'Source'}, 'dataRetentionDays': None, 'dataIntervalSecs': None, 'collectPerfMetricsFlag': None, 'hypervisor': 'vmware', 'location': {'_id': '1', 'key': 'on-prem', 'name': 'On-prem'}, 'virtualizationEnvironmentsCount': 1, 'storageEnvironmentsCount': 1, 'discoveryStatuses': []}
2025-04-16 20:04:12,806 - AddSite - INFO - Getting vmware site details using GET /api/setup/site API for c548b067-0b33-43b6-84e5-94ba386d2823
2025-04-16 20:04:13,258 - AddSite - INFO - Source site id created, Response code is 200
2025-04-16 20:04:13,259 - AddSite - INFO - VMware source site details created are {'_id': 'c548b067-0b33-43b6-84e5-94ba386d2823', 'name': 'add_site_test_source_name_test', 'connectorId': 'connector_id', 'storageType': 'ontap_nfs', 'sitePurpose': {'_id': '1', 'key': 'source', 'name': 'Source'}, 'dataRetentionDays': None, 'dataIntervalSecs': None, 'collectPerfMetricsFlag': None, 'hypervisor': 'vmware', 'location': {'_id': '1', 'key': 'on-prem', 'name': 'On-prem'}, 'virtualizationEnvironmentsCount': 1, 'storageEnvironmentsCount': 1, 'discoveryStatuses': [{'discoveryRequestId': '24bcdb0f-cbed-4294-8610-7089852ce9c3', 'virtEnv': {'_id': 'd8879ad8-656f-4464-90ec-0477480ea30c', 'name': '172.21.254.197'}, 'status': None}]}
2025-04-16 20:04:14,264 - AddSite - INFO - Getting vmware site details using GET /api/setup/site API for c548b067-0b33-43b6-84e5-94ba386d2823
2025-04-16 20:04:17,740 - AddSite - INFO - Source site id created, Response code is 200
2025-04-16 20:04:17,741 - AddSite - INFO - VMware source site details created are {'_id': 'c548b067-0b33-43b6-84e5-94ba386d2823', 'name': 'add_site_test_source_name_test', 'connectorId': 'connector_id', 'storageType': 'ontap_nfs', 'sitePurpose': {'_id': '1', 'key': 'source', 'name': 'Source'}, 'dataRetentionDays': None, 'dataIntervalSecs': None, 'collectPerfMetricsFlag': None, 'hypervisor': 'vmware', 'location': {'_id': '1', 'key': 'on-prem', 'name': 'On-prem'}, 'virtualizationEnvironmentsCount': 1, 'storageEnvironmentsCount': 1, 'discoveryStatuses': [{'discoveryRequestId': '24bcdb0f-cbed-4294-8610-7089852ce9c3', 'virtEnv': {'_id': 'd8879ad8-656f-4464-90ec-0477480ea30c', 'name': '172.21.254.197'}, 'status': 4}]}
2025-04-16 20:04:17,741 - AddSite - INFO - Status is 4. Exiting wait loop for target discovery.
2025-04-16 20:04:17,741 - AddSite - INFO - Source site discovery completed successfully
2025-04-16 20:04:17,741 - AddSite - INFO - Creating destination site using POST api/setup/site API for data
2025-04-16 20:04:23,087 - AddSite - INFO - Destination site id created is bbd5886f-4f9c-4af5-8b76-01fb4138ffec, Response code is 200
2025-04-16 20:04:23,088 - AddSite - INFO - Destination site created with id: bbd5886f-4f9c-4af5-8b76-01fb4138ffec
2025-04-16 20:04:23,088 - AddSite - INFO - Getting hyper-v site details using GET /api/setup/site API for bbd5886f-4f9c-4af5-8b76-01fb4138ffec
2025-04-16 20:04:23,545 - AddSite - INFO - Source site id created, Response code is 200
2025-04-16 20:04:23,546 - AddSite - INFO - Hyper-V destination site details created are {'_id': 'bbd5886f-4f9c-4af5-8b76-01fb4138ffec', 'name': 'add_site_test_destination_name_test', 'connectorId': 'connector_id', 'storageType': 'ontap_nfs', 'sitePurpose': {'_id': '2', 'key': 'target', 'name': 'Target'}, 'dataRetentionDays': None, 'dataIntervalSecs': None, 'collectPerfMetricsFlag': None, 'hypervisor': 'hyperv', 'location': {'_id': '1', 'key': 'on-prem', 'name': 'On-prem'}, 'virtualizationEnvironmentsCount': 1, 'storageEnvironmentsCount': 1, 'discoveryStatuses': [{'discoveryRequestId': '85875f85-6cb2-46ea-a9c6-f2a87695ce34', 'virtEnv': {'_id': '9197ad69-93d0-43c6-9fdd-1b5690c1840d', 'name': '10.61.187.211'}, 'status': 3}]}
2025-04-16 20:04:23,546 - AddSite - INFO - Destination site details: {'_id': 'bbd5886f-4f9c-4af5-8b76-01fb4138ffec', 'name': 'add_site_test_destination_name_test', 'connectorId': 'connector_id', 'storageType': 'ontap_nfs', 'sitePurpose': {'_id': '2', 'key': 'target', 'name': 'Target'}, 'dataRetentionDays': None, 'dataIntervalSecs': None, 'collectPerfMetricsFlag': None, 'hypervisor': 'hyperv', 'location': {'_id': '1', 'key': 'on-prem', 'name': 'On-prem'}, 'virtualizationEnvironmentsCount': 1, 'storageEnvironmentsCount': 1, 'discoveryStatuses': [{'discoveryRequestId': '85875f85-6cb2-46ea-a9c6-f2a87695ce34', 'virtEnv': {'_id': '9197ad69-93d0-43c6-9fdd-1b5690c1840d', 'name': '10.61.187.211'}, 'status': 3}]}
2025-04-16 20:04:23,547 - AddSite - INFO - Waiting for site discovery to complete for site id bbd5886f-4f9c-4af5-8b76-01fb4138ffec
2025-04-16 20:04:23,547 - AddSite - INFO - Getting hyper-v site details using GET /api/setup/site API for bbd5886f-4f9c-4af5-8b76-01fb4138ffec
2025-04-16 20:04:24,005 - AddSite - INFO - Source site id created, Response code is 200
2025-04-16 20:04:24,006 - AddSite - INFO - Hyper-V destination site details created are {'_id': 'bbd5886f-4f9c-4af5-8b76-01fb4138ffec', 'name': 'add_site_test_destination_name_test', 'connectorId': 'connector_id', 'storageType': 'ontap_nfs', 'sitePurpose': {'_id': '2', 'key': 'target', 'name': 'Target'}, 'dataRetentionDays': None, 'dataIntervalSecs': None, 'collectPerfMetricsFlag': None, 'hypervisor': 'hyperv', 'location': {'_id': '1', 'key': 'on-prem', 'name': 'On-prem'}, 'virtualizationEnvironmentsCount': 1, 'storageEnvironmentsCount': 1, 'discoveryStatuses': [{'discoveryRequestId': '85875f85-6cb2-46ea-a9c6-f2a87695ce34', 'virtEnv': {'_id': '9197ad69-93d0-43c6-9fdd-1b5690c1840d', 'name': '10.61.187.211'}, 'status': 3}]}
2025-04-16 20:04:25,011 - AddSite - INFO - Getting hyper-v site details using GET /api/setup/site API for bbd5886f-4f9c-4af5-8b76-01fb4138ffec
2025-04-16 20:04:25,470 - AddSite - INFO - Source site id created, Response code is 200
2025-04-16 20:04:25,470 - AddSite - INFO - Hyper-V destination site details created are {'_id': 'bbd5886f-4f9c-4af5-8b76-01fb4138ffec', 'name': 'add_site_test_destination_name_test', 'connectorId': 'connector_id', 'storageType': 'ontap_nfs', 'sitePurpose': {'_id': '2', 'key': 'target', 'name': 'Target'}, 'dataRetentionDays': None, 'dataIntervalSecs': None, 'collectPerfMetricsFlag': None, 'hypervisor': 'hyperv', 'location': {'_id': '1', 'key': 'on-prem', 'name': 'On-prem'}, 'virtualizationEnvironmentsCount': 1, 'storageEnvironmentsCount': 1, 'discoveryStatuses': [{'discoveryRequestId': '85875f85-6cb2-46ea-a9c6-f2a87695ce34', 'virtEnv': {'_id': '9197ad69-93d0-43c6-9fdd-1b5690c1840d', 'name': '10.61.187.211'}, 'status': 3}]}
2025-04-16 20:04:26,475 - AddSite - INFO - Getting hyper-v site details using GET /api/setup/site API for bbd5886f-4f9c-4af5-8b76-01fb4138ffec
2025-04-16 20:04:26,937 - AddSite - INFO - Source site id created, Response code is 200
2025-04-16 20:04:26,938 - AddSite - INFO - Hyper-V destination site details created are {'_id': 'bbd5886f-4f9c-4af5-8b76-01fb4138ffec', 'name': 'add_site_test_destination_name_test', 'connectorId': 'connector_id', 'storageType': 'ontap_nfs', 'sitePurpose': {'_id': '2', 'key': 'target', 'name': 'Target'}, 'dataRetentionDays': None, 'dataIntervalSecs': None, 'collectPerfMetricsFlag': None, 'hypervisor': 'hyperv', 'location': {'_id': '1', 'key': 'on-prem', 'name': 'On-prem'}, 'virtualizationEnvironmentsCount': 1, 'storageEnvironmentsCount': 1, 'discoveryStatuses': [{'discoveryRequestId': '85875f85-6cb2-46ea-a9c6-f2a87695ce34', 'virtEnv': {'_id': '9197ad69-93d0-43c6-9fdd-1b5690c1840d', 'name': '10.61.187.211'}, 'status': 3}]}
2025-04-16 20:04:27,939 - AddSite - INFO - Getting hyper-v site details using GET /api/setup/site API for bbd5886f-4f9c-4af5-8b76-01fb4138ffec
2025-04-16 20:04:28,399 - AddSite - INFO - Source site id created, Response code is 200
2025-04-16 20:04:28,399 - AddSite - INFO - Hyper-V destination site details created are {'_id': 'bbd5886f-4f9c-4af5-8b76-01fb4138ffec', 'name': 'add_site_test_destination_name_test', 'connectorId': 'connector_id', 'storageType': 'ontap_nfs', 'sitePurpose': {'_id': '2', 'key': 'target', 'name': 'Target'}, 'dataRetentionDays': None, 'dataIntervalSecs': None, 'collectPerfMetricsFlag': None, 'hypervisor': 'hyperv', 'location': {'_id': '1', 'key': 'on-prem', 'name': 'On-prem'}, 'virtualizationEnvironmentsCount': 1, 'storageEnvironmentsCount': 1, 'discoveryStatuses': [{'discoveryRequestId': '85875f85-6cb2-46ea-a9c6-f2a87695ce34', 'virtEnv': {'_id': '9197ad69-93d0-43c6-9fdd-1b5690c1840d', 'name': '10.61.187.211'}, 'status': 3}]}
2025-04-16 20:04:29,401 - AddSite - INFO - Getting hyper-v site details using GET /api/setup/site API for bbd5886f-4f9c-4af5-8b76-01fb4138ffec
2025-04-16 20:04:29,860 - AddSite - INFO - Source site id created, Response code is 200
2025-04-16 20:04:29,861 - AddSite - INFO - Hyper-V destination site details created are {'_id': 'bbd5886f-4f9c-4af5-8b76-01fb4138ffec', 'name': 'add_site_test_destination_name_test', 'connectorId': 'connector_id', 'storageType': 'ontap_nfs', 'sitePurpose': {'_id': '2', 'key': 'target', 'name': 'Target'}, 'dataRetentionDays': None, 'dataIntervalSecs': None, 'collectPerfMetricsFlag': None, 'hypervisor': 'hyperv', 'location': {'_id': '1', 'key': 'on-prem', 'name': 'On-prem'}, 'virtualizationEnvironmentsCount': 1, 'storageEnvironmentsCount': 1, 'discoveryStatuses': [{'discoveryRequestId': '85875f85-6cb2-46ea-a9c6-f2a87695ce34', 'virtEnv': {'_id': '9197ad69-93d0-43c6-9fdd-1b5690c1840d', 'name': '10.61.187.211'}, 'status': 3}]}
2025-04-16 20:04:30,864 - AddSite - INFO - Getting hyper-v site details using GET /api/setup/site API for bbd5886f-4f9c-4af5-8b76-01fb4138ffec
2025-04-16 20:04:31,330 - AddSite - INFO - Source site id created, Response code is 200
2025-04-16 20:04:31,330 - AddSite - INFO - Hyper-V destination site details created are {'_id': 'bbd5886f-4f9c-4af5-8b76-01fb4138ffec', 'name': 'add_site_test_destination_name_test', 'connectorId': 'connector_id', 'storageType': 'ontap_nfs', 'sitePurpose': {'_id': '2', 'key': 'target', 'name': 'Target'}, 'dataRetentionDays': None, 'dataIntervalSecs': None, 'collectPerfMetricsFlag': None, 'hypervisor': 'hyperv', 'location': {'_id': '1', 'key': 'on-prem', 'name': 'On-prem'}, 'virtualizationEnvironmentsCount': 1, 'storageEnvironmentsCount': 1, 'discoveryStatuses': [{'discoveryRequestId': '85875f85-6cb2-46ea-a9c6-f2a87695ce34', 'virtEnv': {'_id': '9197ad69-93d0-43c6-9fdd-1b5690c1840d', 'name': '10.61.187.211'}, 'status': 3}]}
2025-04-16 20:04:32,336 - AddSite - INFO - Getting hyper-v site details using GET /api/setup/site API for bbd5886f-4f9c-4af5-8b76-01fb4138ffec
2025-04-16 20:04:32,796 - AddSite - INFO - Source site id created, Response code is 200
2025-04-16 20:04:32,797 - AddSite - INFO - Hyper-V destination site details created are {'_id': 'bbd5886f-4f9c-4af5-8b76-01fb4138ffec', 'name': 'add_site_test_destination_name_test', 'connectorId': 'connector_id', 'storageType': 'ontap_nfs', 'sitePurpose': {'_id': '2', 'key': 'target', 'name': 'Target'}, 'dataRetentionDays': None, 'dataIntervalSecs': None, 'collectPerfMetricsFlag': None, 'hypervisor': 'hyperv', 'location': {'_id': '1', 'key': 'on-prem', 'name': 'On-prem'}, 'virtualizationEnvironmentsCount': 1, 'storageEnvironmentsCount': 1, 'discoveryStatuses': [{'discoveryRequestId': '85875f85-6cb2-46ea-a9c6-f2a87695ce34', 'virtEnv': {'_id': '9197ad69-93d0-43c6-9fdd-1b5690c1840d', 'name': '10.61.187.211'}, 'status': 3}]}
2025-04-16 20:04:33,799 - AddSite - INFO - Getting hyper-v site details using GET /api/setup/site API for bbd5886f-4f9c-4af5-8b76-01fb4138ffec
2025-04-16 20:04:34,260 - AddSite - INFO - Source site id created, Response code is 200
2025-04-16 20:04:34,261 - AddSite - INFO - Hyper-V destination site details created are {'_id': 'bbd5886f-4f9c-4af5-8b76-01fb4138ffec', 'name': 'add_site_test_destination_name_test', 'connectorId': 'connector_id', 'storageType': 'ontap_nfs', 'sitePurpose': {'_id': '2', 'key': 'target', 'name': 'Target'}, 'dataRetentionDays': None, 'dataIntervalSecs': None, 'collectPerfMetricsFlag': None, 'hypervisor': 'hyperv', 'location': {'_id': '1', 'key': 'on-prem', 'name': 'On-prem'}, 'virtualizationEnvironmentsCount': 1, 'storageEnvironmentsCount': 1, 'discoveryStatuses': [{'discoveryRequestId': '85875f85-6cb2-46ea-a9c6-f2a87695ce34', 'virtEnv': {'_id': '9197ad69-93d0-43c6-9fdd-1b5690c1840d', 'name': '10.61.187.211'}, 'status': 3}]}
2025-04-16 20:04:35,267 - AddSite - INFO - Getting hyper-v site details using GET /api/setup/site API for bbd5886f-4f9c-4af5-8b76-01fb4138ffec
2025-04-16 20:04:35,822 - AddSite - INFO - Source site id created, Response code is 200
2025-04-16 20:04:35,823 - AddSite - INFO - Hyper-V destination site details created are {'_id': 'bbd5886f-4f9c-4af5-8b76-01fb4138ffec', 'name': 'add_site_test_destination_name_test', 'connectorId': 'connector_id', 'storageType': 'ontap_nfs', 'sitePurpose': {'_id': '2', 'key': 'target', 'name': 'Target'}, 'dataRetentionDays': None, 'dataIntervalSecs': None, 'collectPerfMetricsFlag': None, 'hypervisor': 'hyperv', 'location': {'_id': '1', 'key': 'on-prem', 'name': 'On-prem'}, 'virtualizationEnvironmentsCount': 1, 'storageEnvironmentsCount': 1, 'discoveryStatuses': [{'discoveryRequestId': '85875f85-6cb2-46ea-a9c6-f2a87695ce34', 'virtEnv': {'_id': '9197ad69-93d0-43c6-9fdd-1b5690c1840d', 'name': '10.61.187.211'}, 'status': 4}]}
2025-04-16 20:04:35,823 - AddSite - INFO - Status is 4. Exiting wait loop for target discovery.
2025-04-16 20:04:35,824 - AddSite - INFO - Destination site discovery completed successfully
2025-04-16 20:04:36,283 - AddSite - INFO - Please find the logs of the execution in the latest file of the logs folder
