2025-04-23 11:21:46,573 - AddSite - INFO - Get Site workflow started
2025-04-23 11:21:48,287 - AddSite - INFO - Creating source site using POST api/setup/site API for data
2025-04-23 11:21:50,020 - AddSite - INFO - Source site id created is 2f492a68-3a05-4760-b5b0-e18c050bf5c1, Response code is 200
2025-04-23 11:21:50,020 - AddSite - INFO - Source site created with id: 2f492a68-3a05-4760-b5b0-e18c050bf5c1
2025-04-23 11:21:50,020 - AddSite - INFO - Getting vmware site details using GET /api/setup/site API for 2f492a68-3a05-4760-b5b0-e18c050bf5c1
2025-04-23 11:21:50,493 - AddSite - INFO - Source site id created, Response code is 200
2025-04-23 11:21:50,494 - AddSite - INFO - VMware source site details created are {'_id': '2f492a68-3a05-4760-b5b0-e18c050bf5c1', 'name': 'add_site_test_source', 'connectorId': 'connector_id', 'storageType': 'ontap_nfs', 'sitePurpose': {'_id': '1', 'key': 'source', 'name': 'Source'}, 'dataRetentionDays': None, 'dataIntervalSecs': None, 'collectPerfMetricsFlag': None, 'hypervisor': 'vmware', 'location': {'_id': '1', 'key': 'on-prem', 'name': 'On-prem'}, 'virtualizationEnvironmentsCount': 1, 'storageEnvironmentsCount': 1, 'discoveryStatuses': []}
2025-04-23 11:21:50,494 - AddSite - INFO - Source site details: {'_id': '2f492a68-3a05-4760-b5b0-e18c050bf5c1', 'name': 'add_site_test_source', 'connectorId': 'connector_id', 'storageType': 'ontap_nfs', 'sitePurpose': {'_id': '1', 'key': 'source', 'name': 'Source'}, 'dataRetentionDays': None, 'dataIntervalSecs': None, 'collectPerfMetricsFlag': None, 'hypervisor': 'vmware', 'location': {'_id': '1', 'key': 'on-prem', 'name': 'On-prem'}, 'virtualizationEnvironmentsCount': 1, 'storageEnvironmentsCount': 1, 'discoveryStatuses': []}
2025-04-23 11:21:50,495 - AddSite - INFO - Waiting for site discovery to complete for site id 2f492a68-3a05-4760-b5b0-e18c050bf5c1
2025-04-23 11:21:50,495 - AddSite - INFO - Getting vmware site details using GET /api/setup/site API for 2f492a68-3a05-4760-b5b0-e18c050bf5c1
2025-04-23 11:21:50,942 - AddSite - INFO - Source site id created, Response code is 200
2025-04-23 11:21:50,942 - AddSite - INFO - VMware source site details created are {'_id': '2f492a68-3a05-4760-b5b0-e18c050bf5c1', 'name': 'add_site_test_source', 'connectorId': 'connector_id', 'storageType': 'ontap_nfs', 'sitePurpose': {'_id': '1', 'key': 'source', 'name': 'Source'}, 'dataRetentionDays': None, 'dataIntervalSecs': None, 'collectPerfMetricsFlag': None, 'hypervisor': 'vmware', 'location': {'_id': '1', 'key': 'on-prem', 'name': 'On-prem'}, 'virtualizationEnvironmentsCount': 1, 'storageEnvironmentsCount': 1, 'discoveryStatuses': []}
2025-04-23 11:21:51,946 - AddSite - INFO - Getting vmware site details using GET /api/setup/site API for 2f492a68-3a05-4760-b5b0-e18c050bf5c1
2025-04-23 11:21:52,419 - AddSite - INFO - Source site id created, Response code is 200
2025-04-23 11:21:52,420 - AddSite - INFO - VMware source site details created are {'_id': '2f492a68-3a05-4760-b5b0-e18c050bf5c1', 'name': 'add_site_test_source', 'connectorId': 'connector_id', 'storageType': 'ontap_nfs', 'sitePurpose': {'_id': '1', 'key': 'source', 'name': 'Source'}, 'dataRetentionDays': None, 'dataIntervalSecs': None, 'collectPerfMetricsFlag': None, 'hypervisor': 'vmware', 'location': {'_id': '1', 'key': 'on-prem', 'name': 'On-prem'}, 'virtualizationEnvironmentsCount': 1, 'storageEnvironmentsCount': 1, 'discoveryStatuses': []}
2025-04-23 11:21:53,422 - AddSite - INFO - Getting vmware site details using GET /api/setup/site API for 2f492a68-3a05-4760-b5b0-e18c050bf5c1
2025-04-23 11:21:53,880 - AddSite - INFO - Source site id created, Response code is 200
2025-04-23 11:21:53,880 - AddSite - INFO - VMware source site details created are {'_id': '2f492a68-3a05-4760-b5b0-e18c050bf5c1', 'name': 'add_site_test_source', 'connectorId': 'connector_id', 'storageType': 'ontap_nfs', 'sitePurpose': {'_id': '1', 'key': 'source', 'name': 'Source'}, 'dataRetentionDays': None, 'dataIntervalSecs': None, 'collectPerfMetricsFlag': None, 'hypervisor': 'vmware', 'location': {'_id': '1', 'key': 'on-prem', 'name': 'On-prem'}, 'virtualizationEnvironmentsCount': 1, 'storageEnvironmentsCount': 1, 'discoveryStatuses': []}
2025-04-23 11:21:54,883 - AddSite - INFO - Getting vmware site details using GET /api/setup/site API for 2f492a68-3a05-4760-b5b0-e18c050bf5c1
2025-04-23 11:21:55,336 - AddSite - INFO - Source site id created, Response code is 200
2025-04-23 11:21:55,336 - AddSite - INFO - VMware source site details created are {'_id': '2f492a68-3a05-4760-b5b0-e18c050bf5c1', 'name': 'add_site_test_source', 'connectorId': 'connector_id', 'storageType': 'ontap_nfs', 'sitePurpose': {'_id': '1', 'key': 'source', 'name': 'Source'}, 'dataRetentionDays': None, 'dataIntervalSecs': None, 'collectPerfMetricsFlag': None, 'hypervisor': 'vmware', 'location': {'_id': '1', 'key': 'on-prem', 'name': 'On-prem'}, 'virtualizationEnvironmentsCount': 1, 'storageEnvironmentsCount': 1, 'discoveryStatuses': []}
2025-04-23 11:21:56,339 - AddSite - INFO - Getting vmware site details using GET /api/setup/site API for 2f492a68-3a05-4760-b5b0-e18c050bf5c1
2025-04-23 11:21:57,698 - AddSite - INFO - Source site id created, Response code is 200
2025-04-23 11:21:57,698 - AddSite - INFO - VMware source site details created are {'_id': '2f492a68-3a05-4760-b5b0-e18c050bf5c1', 'name': 'add_site_test_source', 'connectorId': 'connector_id', 'storageType': 'ontap_nfs', 'sitePurpose': {'_id': '1', 'key': 'source', 'name': 'Source'}, 'dataRetentionDays': None, 'dataIntervalSecs': None, 'collectPerfMetricsFlag': None, 'hypervisor': 'vmware', 'location': {'_id': '1', 'key': 'on-prem', 'name': 'On-prem'}, 'virtualizationEnvironmentsCount': 1, 'storageEnvironmentsCount': 1, 'discoveryStatuses': [{'discoveryRequestId': 'ca75c82b-cfb2-46ca-b8d6-65f056fc3dca', 'virtEnv': {'_id': 'cd170d36-e9d6-4a25-b818-16e598a3d61c', 'name': '172.21.254.197'}, 'status': 3}]}
2025-04-23 11:21:58,701 - AddSite - INFO - Getting vmware site details using GET /api/setup/site API for 2f492a68-3a05-4760-b5b0-e18c050bf5c1
2025-04-23 11:21:59,585 - AddSite - INFO - Source site id created, Response code is 200
2025-04-23 11:21:59,585 - AddSite - INFO - VMware source site details created are {'_id': '2f492a68-3a05-4760-b5b0-e18c050bf5c1', 'name': 'add_site_test_source', 'connectorId': 'connector_id', 'storageType': 'ontap_nfs', 'sitePurpose': {'_id': '1', 'key': 'source', 'name': 'Source'}, 'dataRetentionDays': None, 'dataIntervalSecs': None, 'collectPerfMetricsFlag': None, 'hypervisor': 'vmware', 'location': {'_id': '1', 'key': 'on-prem', 'name': 'On-prem'}, 'virtualizationEnvironmentsCount': 1, 'storageEnvironmentsCount': 1, 'discoveryStatuses': [{'discoveryRequestId': 'ca75c82b-cfb2-46ca-b8d6-65f056fc3dca', 'virtEnv': {'_id': 'cd170d36-e9d6-4a25-b818-16e598a3d61c', 'name': '172.21.254.197'}, 'status': 3}]}
2025-04-23 11:22:00,590 - AddSite - INFO - Getting vmware site details using GET /api/setup/site API for 2f492a68-3a05-4760-b5b0-e18c050bf5c1
2025-04-23 11:22:01,054 - AddSite - INFO - Source site id created, Response code is 200
2025-04-23 11:22:01,054 - AddSite - INFO - VMware source site details created are {'_id': '2f492a68-3a05-4760-b5b0-e18c050bf5c1', 'name': 'add_site_test_source', 'connectorId': 'connector_id', 'storageType': 'ontap_nfs', 'sitePurpose': {'_id': '1', 'key': 'source', 'name': 'Source'}, 'dataRetentionDays': None, 'dataIntervalSecs': None, 'collectPerfMetricsFlag': None, 'hypervisor': 'vmware', 'location': {'_id': '1', 'key': 'on-prem', 'name': 'On-prem'}, 'virtualizationEnvironmentsCount': 1, 'storageEnvironmentsCount': 1, 'discoveryStatuses': [{'discoveryRequestId': 'ca75c82b-cfb2-46ca-b8d6-65f056fc3dca', 'virtEnv': {'_id': 'cd170d36-e9d6-4a25-b818-16e598a3d61c', 'name': '172.21.254.197'}, 'status': 4}]}
2025-04-23 11:22:01,055 - AddSite - INFO - Status is 4. Exiting wait loop for target discovery.
2025-04-23 11:22:01,055 - AddSite - INFO - Source site discovery completed successfully
2025-04-23 11:22:01,055 - AddSite - INFO - Creating destination site using POST api/setup/site API for data
2025-04-23 11:22:16,477 - AddSite - INFO - Destination site id created is 599d9139-881d-421e-be2b-5e7363061ca2, Response code is 200
2025-04-23 11:22:16,478 - AddSite - INFO - Destination site created with id: 599d9139-881d-421e-be2b-5e7363061ca2
2025-04-23 11:22:16,478 - AddSite - INFO - Getting hyper-v site details using GET /api/setup/site API for 599d9139-881d-421e-be2b-5e7363061ca2
2025-04-23 11:22:16,920 - AddSite - INFO - Source site id created, Response code is 200
2025-04-23 11:22:16,920 - AddSite - INFO - Hyper-V destination site details created are {'_id': '599d9139-881d-421e-be2b-5e7363061ca2', 'name': 'add_site_test_destination', 'connectorId': 'connector_id', 'storageType': 'ontap_nfs', 'sitePurpose': {'_id': '2', 'key': 'target', 'name': 'Target'}, 'dataRetentionDays': None, 'dataIntervalSecs': None, 'collectPerfMetricsFlag': None, 'hypervisor': 'hyperv', 'location': {'_id': '1', 'key': 'on-prem', 'name': 'On-prem'}, 'virtualizationEnvironmentsCount': 1, 'storageEnvironmentsCount': 1, 'discoveryStatuses': []}
2025-04-23 11:22:16,920 - AddSite - INFO - Destination site details: {'_id': '599d9139-881d-421e-be2b-5e7363061ca2', 'name': 'add_site_test_destination', 'connectorId': 'connector_id', 'storageType': 'ontap_nfs', 'sitePurpose': {'_id': '2', 'key': 'target', 'name': 'Target'}, 'dataRetentionDays': None, 'dataIntervalSecs': None, 'collectPerfMetricsFlag': None, 'hypervisor': 'hyperv', 'location': {'_id': '1', 'key': 'on-prem', 'name': 'On-prem'}, 'virtualizationEnvironmentsCount': 1, 'storageEnvironmentsCount': 1, 'discoveryStatuses': []}
2025-04-23 11:22:16,920 - AddSite - INFO - Waiting for site discovery to complete for site id 599d9139-881d-421e-be2b-5e7363061ca2
2025-04-23 11:22:16,920 - AddSite - INFO - Getting hyper-v site details using GET /api/setup/site API for 599d9139-881d-421e-be2b-5e7363061ca2
2025-04-23 11:22:17,362 - AddSite - INFO - Source site id created, Response code is 200
2025-04-23 11:22:17,363 - AddSite - INFO - Hyper-V destination site details created are {'_id': '599d9139-881d-421e-be2b-5e7363061ca2', 'name': 'add_site_test_destination', 'connectorId': 'connector_id', 'storageType': 'ontap_nfs', 'sitePurpose': {'_id': '2', 'key': 'target', 'name': 'Target'}, 'dataRetentionDays': None, 'dataIntervalSecs': None, 'collectPerfMetricsFlag': None, 'hypervisor': 'hyperv', 'location': {'_id': '1', 'key': 'on-prem', 'name': 'On-prem'}, 'virtualizationEnvironmentsCount': 1, 'storageEnvironmentsCount': 1, 'discoveryStatuses': []}
2025-04-23 11:22:18,367 - AddSite - INFO - Getting hyper-v site details using GET /api/setup/site API for 599d9139-881d-421e-be2b-5e7363061ca2
2025-04-23 11:22:18,809 - AddSite - INFO - Source site id created, Response code is 200
2025-04-23 11:22:18,809 - AddSite - INFO - Hyper-V destination site details created are {'_id': '599d9139-881d-421e-be2b-5e7363061ca2', 'name': 'add_site_test_destination', 'connectorId': 'connector_id', 'storageType': 'ontap_nfs', 'sitePurpose': {'_id': '2', 'key': 'target', 'name': 'Target'}, 'dataRetentionDays': None, 'dataIntervalSecs': None, 'collectPerfMetricsFlag': None, 'hypervisor': 'hyperv', 'location': {'_id': '1', 'key': 'on-prem', 'name': 'On-prem'}, 'virtualizationEnvironmentsCount': 1, 'storageEnvironmentsCount': 1, 'discoveryStatuses': []}
2025-04-23 11:22:19,815 - AddSite - INFO - Getting hyper-v site details using GET /api/setup/site API for 599d9139-881d-421e-be2b-5e7363061ca2
2025-04-23 11:22:20,267 - AddSite - INFO - Source site id created, Response code is 200
2025-04-23 11:22:20,267 - AddSite - INFO - Hyper-V destination site details created are {'_id': '599d9139-881d-421e-be2b-5e7363061ca2', 'name': 'add_site_test_destination', 'connectorId': 'connector_id', 'storageType': 'ontap_nfs', 'sitePurpose': {'_id': '2', 'key': 'target', 'name': 'Target'}, 'dataRetentionDays': None, 'dataIntervalSecs': None, 'collectPerfMetricsFlag': None, 'hypervisor': 'hyperv', 'location': {'_id': '1', 'key': 'on-prem', 'name': 'On-prem'}, 'virtualizationEnvironmentsCount': 1, 'storageEnvironmentsCount': 1, 'discoveryStatuses': []}
2025-04-23 11:22:21,271 - AddSite - INFO - Getting hyper-v site details using GET /api/setup/site API for 599d9139-881d-421e-be2b-5e7363061ca2
2025-04-23 11:22:21,774 - AddSite - INFO - Source site id created, Response code is 200
2025-04-23 11:22:21,774 - AddSite - INFO - Hyper-V destination site details created are {'_id': '599d9139-881d-421e-be2b-5e7363061ca2', 'name': 'add_site_test_destination', 'connectorId': 'connector_id', 'storageType': 'ontap_nfs', 'sitePurpose': {'_id': '2', 'key': 'target', 'name': 'Target'}, 'dataRetentionDays': None, 'dataIntervalSecs': None, 'collectPerfMetricsFlag': None, 'hypervisor': 'hyperv', 'location': {'_id': '1', 'key': 'on-prem', 'name': 'On-prem'}, 'virtualizationEnvironmentsCount': 1, 'storageEnvironmentsCount': 1, 'discoveryStatuses': []}
2025-04-23 11:22:22,775 - AddSite - INFO - Getting hyper-v site details using GET /api/setup/site API for 599d9139-881d-421e-be2b-5e7363061ca2
2025-04-23 11:22:23,221 - AddSite - INFO - Source site id created, Response code is 200
2025-04-23 11:22:23,221 - AddSite - INFO - Hyper-V destination site details created are {'_id': '599d9139-881d-421e-be2b-5e7363061ca2', 'name': 'add_site_test_destination', 'connectorId': 'connector_id', 'storageType': 'ontap_nfs', 'sitePurpose': {'_id': '2', 'key': 'target', 'name': 'Target'}, 'dataRetentionDays': None, 'dataIntervalSecs': None, 'collectPerfMetricsFlag': None, 'hypervisor': 'hyperv', 'location': {'_id': '1', 'key': 'on-prem', 'name': 'On-prem'}, 'virtualizationEnvironmentsCount': 1, 'storageEnvironmentsCount': 1, 'discoveryStatuses': []}
2025-04-23 11:22:24,225 - AddSite - INFO - Getting hyper-v site details using GET /api/setup/site API for 599d9139-881d-421e-be2b-5e7363061ca2
2025-04-23 11:22:24,669 - AddSite - INFO - Source site id created, Response code is 200
2025-04-23 11:22:24,670 - AddSite - INFO - Hyper-V destination site details created are {'_id': '599d9139-881d-421e-be2b-5e7363061ca2', 'name': 'add_site_test_destination', 'connectorId': 'connector_id', 'storageType': 'ontap_nfs', 'sitePurpose': {'_id': '2', 'key': 'target', 'name': 'Target'}, 'dataRetentionDays': None, 'dataIntervalSecs': None, 'collectPerfMetricsFlag': None, 'hypervisor': 'hyperv', 'location': {'_id': '1', 'key': 'on-prem', 'name': 'On-prem'}, 'virtualizationEnvironmentsCount': 1, 'storageEnvironmentsCount': 1, 'discoveryStatuses': []}
2025-04-23 11:22:25,672 - AddSite - INFO - Getting hyper-v site details using GET /api/setup/site API for 599d9139-881d-421e-be2b-5e7363061ca2
2025-04-23 11:22:26,197 - AddSite - INFO - Source site id created, Response code is 200
2025-04-23 11:22:26,198 - AddSite - INFO - Hyper-V destination site details created are {'_id': '599d9139-881d-421e-be2b-5e7363061ca2', 'name': 'add_site_test_destination', 'connectorId': 'connector_id', 'storageType': 'ontap_nfs', 'sitePurpose': {'_id': '2', 'key': 'target', 'name': 'Target'}, 'dataRetentionDays': None, 'dataIntervalSecs': None, 'collectPerfMetricsFlag': None, 'hypervisor': 'hyperv', 'location': {'_id': '1', 'key': 'on-prem', 'name': 'On-prem'}, 'virtualizationEnvironmentsCount': 1, 'storageEnvironmentsCount': 1, 'discoveryStatuses': [{'discoveryRequestId': 'a1a9a129-5cf9-4b4d-bfb5-42f5871c1d2d', 'virtEnv': {'_id': '96d269ec-2dd8-402b-aeb8-8583756bed96', 'name': '10.61.187.211'}, 'status': 3}]}
2025-04-23 11:22:27,202 - AddSite - INFO - Getting hyper-v site details using GET /api/setup/site API for 599d9139-881d-421e-be2b-5e7363061ca2
2025-04-23 11:22:27,752 - AddSite - INFO - Source site id created, Response code is 200
2025-04-23 11:22:27,752 - AddSite - INFO - Hyper-V destination site details created are {'_id': '599d9139-881d-421e-be2b-5e7363061ca2', 'name': 'add_site_test_destination', 'connectorId': 'connector_id', 'storageType': 'ontap_nfs', 'sitePurpose': {'_id': '2', 'key': 'target', 'name': 'Target'}, 'dataRetentionDays': None, 'dataIntervalSecs': None, 'collectPerfMetricsFlag': None, 'hypervisor': 'hyperv', 'location': {'_id': '1', 'key': 'on-prem', 'name': 'On-prem'}, 'virtualizationEnvironmentsCount': 1, 'storageEnvironmentsCount': 1, 'discoveryStatuses': [{'discoveryRequestId': 'a1a9a129-5cf9-4b4d-bfb5-42f5871c1d2d', 'virtEnv': {'_id': '96d269ec-2dd8-402b-aeb8-8583756bed96', 'name': '10.61.187.211'}, 'status': 3}]}
2025-04-23 11:22:28,757 - AddSite - INFO - Getting hyper-v site details using GET /api/setup/site API for 599d9139-881d-421e-be2b-5e7363061ca2
2025-04-23 11:22:29,406 - AddSite - INFO - Source site id created, Response code is 200
2025-04-23 11:22:29,406 - AddSite - INFO - Hyper-V destination site details created are {'_id': '599d9139-881d-421e-be2b-5e7363061ca2', 'name': 'add_site_test_destination', 'connectorId': 'connector_id', 'storageType': 'ontap_nfs', 'sitePurpose': {'_id': '2', 'key': 'target', 'name': 'Target'}, 'dataRetentionDays': None, 'dataIntervalSecs': None, 'collectPerfMetricsFlag': None, 'hypervisor': 'hyperv', 'location': {'_id': '1', 'key': 'on-prem', 'name': 'On-prem'}, 'virtualizationEnvironmentsCount': 1, 'storageEnvironmentsCount': 1, 'discoveryStatuses': [{'discoveryRequestId': 'a1a9a129-5cf9-4b4d-bfb5-42f5871c1d2d', 'virtEnv': {'_id': '96d269ec-2dd8-402b-aeb8-8583756bed96', 'name': '10.61.187.211'}, 'status': 3}]}
2025-04-23 11:22:30,411 - AddSite - INFO - Getting hyper-v site details using GET /api/setup/site API for 599d9139-881d-421e-be2b-5e7363061ca2
2025-04-23 11:22:30,882 - AddSite - INFO - Source site id created, Response code is 200
2025-04-23 11:22:30,882 - AddSite - INFO - Hyper-V destination site details created are {'_id': '599d9139-881d-421e-be2b-5e7363061ca2', 'name': 'add_site_test_destination', 'connectorId': 'connector_id', 'storageType': 'ontap_nfs', 'sitePurpose': {'_id': '2', 'key': 'target', 'name': 'Target'}, 'dataRetentionDays': None, 'dataIntervalSecs': None, 'collectPerfMetricsFlag': None, 'hypervisor': 'hyperv', 'location': {'_id': '1', 'key': 'on-prem', 'name': 'On-prem'}, 'virtualizationEnvironmentsCount': 1, 'storageEnvironmentsCount': 1, 'discoveryStatuses': [{'discoveryRequestId': 'a1a9a129-5cf9-4b4d-bfb5-42f5871c1d2d', 'virtEnv': {'_id': '96d269ec-2dd8-402b-aeb8-8583756bed96', 'name': '10.61.187.211'}, 'status': 3}]}
2025-04-23 11:22:31,886 - AddSite - INFO - Getting hyper-v site details using GET /api/setup/site API for 599d9139-881d-421e-be2b-5e7363061ca2
2025-04-23 11:22:32,349 - AddSite - INFO - Source site id created, Response code is 200
2025-04-23 11:22:32,350 - AddSite - INFO - Hyper-V destination site details created are {'_id': '599d9139-881d-421e-be2b-5e7363061ca2', 'name': 'add_site_test_destination', 'connectorId': 'connector_id', 'storageType': 'ontap_nfs', 'sitePurpose': {'_id': '2', 'key': 'target', 'name': 'Target'}, 'dataRetentionDays': None, 'dataIntervalSecs': None, 'collectPerfMetricsFlag': None, 'hypervisor': 'hyperv', 'location': {'_id': '1', 'key': 'on-prem', 'name': 'On-prem'}, 'virtualizationEnvironmentsCount': 1, 'storageEnvironmentsCount': 1, 'discoveryStatuses': [{'discoveryRequestId': 'a1a9a129-5cf9-4b4d-bfb5-42f5871c1d2d', 'virtEnv': {'_id': '96d269ec-2dd8-402b-aeb8-8583756bed96', 'name': '10.61.187.211'}, 'status': 3}]}
2025-04-23 11:22:33,354 - AddSite - INFO - Getting hyper-v site details using GET /api/setup/site API for 599d9139-881d-421e-be2b-5e7363061ca2
2025-04-23 11:22:33,802 - AddSite - INFO - Source site id created, Response code is 200
2025-04-23 11:22:33,802 - AddSite - INFO - Hyper-V destination site details created are {'_id': '599d9139-881d-421e-be2b-5e7363061ca2', 'name': 'add_site_test_destination', 'connectorId': 'connector_id', 'storageType': 'ontap_nfs', 'sitePurpose': {'_id': '2', 'key': 'target', 'name': 'Target'}, 'dataRetentionDays': None, 'dataIntervalSecs': None, 'collectPerfMetricsFlag': None, 'hypervisor': 'hyperv', 'location': {'_id': '1', 'key': 'on-prem', 'name': 'On-prem'}, 'virtualizationEnvironmentsCount': 1, 'storageEnvironmentsCount': 1, 'discoveryStatuses': [{'discoveryRequestId': 'a1a9a129-5cf9-4b4d-bfb5-42f5871c1d2d', 'virtEnv': {'_id': '96d269ec-2dd8-402b-aeb8-8583756bed96', 'name': '10.61.187.211'}, 'status': 3}]}
2025-04-23 11:22:34,804 - AddSite - INFO - Getting hyper-v site details using GET /api/setup/site API for 599d9139-881d-421e-be2b-5e7363061ca2
2025-04-23 11:22:35,270 - AddSite - INFO - Source site id created, Response code is 200
2025-04-23 11:22:35,270 - AddSite - INFO - Hyper-V destination site details created are {'_id': '599d9139-881d-421e-be2b-5e7363061ca2', 'name': 'add_site_test_destination', 'connectorId': 'connector_id', 'storageType': 'ontap_nfs', 'sitePurpose': {'_id': '2', 'key': 'target', 'name': 'Target'}, 'dataRetentionDays': None, 'dataIntervalSecs': None, 'collectPerfMetricsFlag': None, 'hypervisor': 'hyperv', 'location': {'_id': '1', 'key': 'on-prem', 'name': 'On-prem'}, 'virtualizationEnvironmentsCount': 1, 'storageEnvironmentsCount': 1, 'discoveryStatuses': [{'discoveryRequestId': 'a1a9a129-5cf9-4b4d-bfb5-42f5871c1d2d', 'virtEnv': {'_id': '96d269ec-2dd8-402b-aeb8-8583756bed96', 'name': '10.61.187.211'}, 'status': 3}]}
2025-04-23 11:22:36,275 - AddSite - INFO - Getting hyper-v site details using GET /api/setup/site API for 599d9139-881d-421e-be2b-5e7363061ca2
2025-04-23 11:22:36,741 - AddSite - INFO - Source site id created, Response code is 200
2025-04-23 11:22:36,742 - AddSite - INFO - Hyper-V destination site details created are {'_id': '599d9139-881d-421e-be2b-5e7363061ca2', 'name': 'add_site_test_destination', 'connectorId': 'connector_id', 'storageType': 'ontap_nfs', 'sitePurpose': {'_id': '2', 'key': 'target', 'name': 'Target'}, 'dataRetentionDays': None, 'dataIntervalSecs': None, 'collectPerfMetricsFlag': None, 'hypervisor': 'hyperv', 'location': {'_id': '1', 'key': 'on-prem', 'name': 'On-prem'}, 'virtualizationEnvironmentsCount': 1, 'storageEnvironmentsCount': 1, 'discoveryStatuses': [{'discoveryRequestId': 'a1a9a129-5cf9-4b4d-bfb5-42f5871c1d2d', 'virtEnv': {'_id': '96d269ec-2dd8-402b-aeb8-8583756bed96', 'name': '10.61.187.211'}, 'status': 3}]}
2025-04-23 11:22:37,747 - AddSite - INFO - Getting hyper-v site details using GET /api/setup/site API for 599d9139-881d-421e-be2b-5e7363061ca2
2025-04-23 11:22:38,216 - AddSite - INFO - Source site id created, Response code is 200
2025-04-23 11:22:38,216 - AddSite - INFO - Hyper-V destination site details created are {'_id': '599d9139-881d-421e-be2b-5e7363061ca2', 'name': 'add_site_test_destination', 'connectorId': 'connector_id', 'storageType': 'ontap_nfs', 'sitePurpose': {'_id': '2', 'key': 'target', 'name': 'Target'}, 'dataRetentionDays': None, 'dataIntervalSecs': None, 'collectPerfMetricsFlag': None, 'hypervisor': 'hyperv', 'location': {'_id': '1', 'key': 'on-prem', 'name': 'On-prem'}, 'virtualizationEnvironmentsCount': 1, 'storageEnvironmentsCount': 1, 'discoveryStatuses': [{'discoveryRequestId': 'a1a9a129-5cf9-4b4d-bfb5-42f5871c1d2d', 'virtEnv': {'_id': '96d269ec-2dd8-402b-aeb8-8583756bed96', 'name': '10.61.187.211'}, 'status': 3}]}
2025-04-23 11:22:39,221 - AddSite - INFO - Getting hyper-v site details using GET /api/setup/site API for 599d9139-881d-421e-be2b-5e7363061ca2
2025-04-23 11:22:39,713 - AddSite - INFO - Source site id created, Response code is 200
2025-04-23 11:22:39,714 - AddSite - INFO - Hyper-V destination site details created are {'_id': '599d9139-881d-421e-be2b-5e7363061ca2', 'name': 'add_site_test_destination', 'connectorId': 'connector_id', 'storageType': 'ontap_nfs', 'sitePurpose': {'_id': '2', 'key': 'target', 'name': 'Target'}, 'dataRetentionDays': None, 'dataIntervalSecs': None, 'collectPerfMetricsFlag': None, 'hypervisor': 'hyperv', 'location': {'_id': '1', 'key': 'on-prem', 'name': 'On-prem'}, 'virtualizationEnvironmentsCount': 1, 'storageEnvironmentsCount': 1, 'discoveryStatuses': [{'discoveryRequestId': 'a1a9a129-5cf9-4b4d-bfb5-42f5871c1d2d', 'virtEnv': {'_id': '96d269ec-2dd8-402b-aeb8-8583756bed96', 'name': '10.61.187.211'}, 'status': 4}]}
2025-04-23 11:22:39,714 - AddSite - INFO - Status is 4. Exiting wait loop for target discovery.
2025-04-23 11:22:39,714 - AddSite - INFO - Destination site discovery completed successfully
