2025-04-16 20:22:20,133 - AddSite - INFO - Get Site workflow started
2025-04-16 20:22:20,754 - AddSite - INFO - Creating source site using POST api/setup/site API for data
2025-04-16 20:22:21,547 - AddSite - INFO - Source site id created is e941b626-d198-4d2d-b37e-ac5ebcc132ce, Response code is 200
2025-04-16 20:22:21,547 - AddSite - INFO - Source site created with id: e941b626-d198-4d2d-b37e-ac5ebcc132ce
2025-04-16 20:22:21,547 - AddSite - INFO - Getting vmware site details using GET /api/setup/site API for e941b626-d198-4d2d-b37e-ac5ebcc132ce
2025-04-16 20:22:22,000 - AddSite - INFO - Source site id created, Response code is 200
2025-04-16 20:22:22,000 - AddSite - INFO - VMware source site details created are {'_id': 'e941b626-d198-4d2d-b37e-ac5ebcc132ce', 'name': 'add_site_test_source_e2e', 'connectorId': 'connector_id', 'storageType': 'ontap_nfs', 'sitePurpose': {'_id': '1', 'key': 'source', 'name': 'Source'}, 'dataRetentionDays': None, 'dataIntervalSecs': None, 'collectPerfMetricsFlag': None, 'hypervisor': 'vmware', 'location': {'_id': '1', 'key': 'on-prem', 'name': 'On-prem'}, 'virtualizationEnvironmentsCount': 1, 'storageEnvironmentsCount': 1, 'discoveryStatuses': []}
2025-04-16 20:22:22,001 - AddSite - INFO - Source site details: {'_id': 'e941b626-d198-4d2d-b37e-ac5ebcc132ce', 'name': 'add_site_test_source_e2e', 'connectorId': 'connector_id', 'storageType': 'ontap_nfs', 'sitePurpose': {'_id': '1', 'key': 'source', 'name': 'Source'}, 'dataRetentionDays': None, 'dataIntervalSecs': None, 'collectPerfMetricsFlag': None, 'hypervisor': 'vmware', 'location': {'_id': '1', 'key': 'on-prem', 'name': 'On-prem'}, 'virtualizationEnvironmentsCount': 1, 'storageEnvironmentsCount': 1, 'discoveryStatuses': []}
2025-04-16 20:22:22,001 - AddSite - INFO - Waiting for site discovery to complete for site id e941b626-d198-4d2d-b37e-ac5ebcc132ce
2025-04-16 20:22:22,001 - AddSite - INFO - Getting vmware site details using GET /api/setup/site API for e941b626-d198-4d2d-b37e-ac5ebcc132ce
2025-04-16 20:22:22,452 - AddSite - INFO - Source site id created, Response code is 200
2025-04-16 20:22:22,452 - AddSite - INFO - VMware source site details created are {'_id': 'e941b626-d198-4d2d-b37e-ac5ebcc132ce', 'name': 'add_site_test_source_e2e', 'connectorId': 'connector_id', 'storageType': 'ontap_nfs', 'sitePurpose': {'_id': '1', 'key': 'source', 'name': 'Source'}, 'dataRetentionDays': None, 'dataIntervalSecs': None, 'collectPerfMetricsFlag': None, 'hypervisor': 'vmware', 'location': {'_id': '1', 'key': 'on-prem', 'name': 'On-prem'}, 'virtualizationEnvironmentsCount': 1, 'storageEnvironmentsCount': 1, 'discoveryStatuses': []}
2025-04-16 20:22:23,456 - AddSite - INFO - Getting vmware site details using GET /api/setup/site API for e941b626-d198-4d2d-b37e-ac5ebcc132ce
2025-04-16 20:22:24,615 - AddSite - INFO - Source site id created, Response code is 200
2025-04-16 20:22:24,616 - AddSite - INFO - VMware source site details created are {'_id': 'e941b626-d198-4d2d-b37e-ac5ebcc132ce', 'name': 'add_site_test_source_e2e', 'connectorId': 'connector_id', 'storageType': 'ontap_nfs', 'sitePurpose': {'_id': '1', 'key': 'source', 'name': 'Source'}, 'dataRetentionDays': None, 'dataIntervalSecs': None, 'collectPerfMetricsFlag': None, 'hypervisor': 'vmware', 'location': {'_id': '1', 'key': 'on-prem', 'name': 'On-prem'}, 'virtualizationEnvironmentsCount': 1, 'storageEnvironmentsCount': 1, 'discoveryStatuses': [{'discoveryRequestId': '5792a158-4d82-4b9c-9454-41e1202b2f05', 'virtEnv': {'_id': '0cc73604-560c-4f53-b0f7-d1e6ec13f432', 'name': '172.21.254.197'}, 'status': 3}]}
2025-04-16 20:22:25,620 - AddSite - INFO - Getting vmware site details using GET /api/setup/site API for e941b626-d198-4d2d-b37e-ac5ebcc132ce
2025-04-16 20:22:26,084 - AddSite - INFO - Source site id created, Response code is 200
2025-04-16 20:22:26,084 - AddSite - INFO - VMware source site details created are {'_id': 'e941b626-d198-4d2d-b37e-ac5ebcc132ce', 'name': 'add_site_test_source_e2e', 'connectorId': 'connector_id', 'storageType': 'ontap_nfs', 'sitePurpose': {'_id': '1', 'key': 'source', 'name': 'Source'}, 'dataRetentionDays': None, 'dataIntervalSecs': None, 'collectPerfMetricsFlag': None, 'hypervisor': 'vmware', 'location': {'_id': '1', 'key': 'on-prem', 'name': 'On-prem'}, 'virtualizationEnvironmentsCount': 1, 'storageEnvironmentsCount': 1, 'discoveryStatuses': [{'discoveryRequestId': '5792a158-4d82-4b9c-9454-41e1202b2f05', 'virtEnv': {'_id': '0cc73604-560c-4f53-b0f7-d1e6ec13f432', 'name': '172.21.254.197'}, 'status': 4}]}
2025-04-16 20:22:26,085 - AddSite - INFO - Status is 4. Exiting wait loop for target discovery.
2025-04-16 20:22:26,085 - AddSite - INFO - Source site discovery completed successfully
2025-04-16 20:22:26,085 - AddSite - INFO - Creating destination site using POST api/setup/site API for data
2025-04-16 20:22:31,569 - AddSite - INFO - Destination site id created is f2b3186c-42bc-4429-8d25-91bb6c09aa92, Response code is 200
2025-04-16 20:22:31,569 - AddSite - INFO - Destination site created with id: f2b3186c-42bc-4429-8d25-91bb6c09aa92
2025-04-16 20:22:31,570 - AddSite - INFO - Getting hyper-v site details using GET /api/setup/site API for f2b3186c-42bc-4429-8d25-91bb6c09aa92
2025-04-16 20:22:32,025 - AddSite - INFO - Source site id created, Response code is 200
2025-04-16 20:22:32,025 - AddSite - INFO - Hyper-V destination site details created are {'_id': 'f2b3186c-42bc-4429-8d25-91bb6c09aa92', 'name': 'add_site_test_destination_e2e', 'connectorId': 'connector_id', 'storageType': 'ontap_nfs', 'sitePurpose': {'_id': '2', 'key': 'target', 'name': 'Target'}, 'dataRetentionDays': None, 'dataIntervalSecs': None, 'collectPerfMetricsFlag': None, 'hypervisor': 'hyperv', 'location': {'_id': '1', 'key': 'on-prem', 'name': 'On-prem'}, 'virtualizationEnvironmentsCount': 1, 'storageEnvironmentsCount': 1, 'discoveryStatuses': []}
2025-04-16 20:22:32,026 - AddSite - INFO - Destination site details: {'_id': 'f2b3186c-42bc-4429-8d25-91bb6c09aa92', 'name': 'add_site_test_destination_e2e', 'connectorId': 'connector_id', 'storageType': 'ontap_nfs', 'sitePurpose': {'_id': '2', 'key': 'target', 'name': 'Target'}, 'dataRetentionDays': None, 'dataIntervalSecs': None, 'collectPerfMetricsFlag': None, 'hypervisor': 'hyperv', 'location': {'_id': '1', 'key': 'on-prem', 'name': 'On-prem'}, 'virtualizationEnvironmentsCount': 1, 'storageEnvironmentsCount': 1, 'discoveryStatuses': []}
2025-04-16 20:22:32,026 - AddSite - INFO - Waiting for site discovery to complete for site id f2b3186c-42bc-4429-8d25-91bb6c09aa92
2025-04-16 20:22:32,026 - AddSite - INFO - Getting hyper-v site details using GET /api/setup/site API for f2b3186c-42bc-4429-8d25-91bb6c09aa92
2025-04-16 20:22:32,479 - AddSite - INFO - Source site id created, Response code is 200
2025-04-16 20:22:32,479 - AddSite - INFO - Hyper-V destination site details created are {'_id': 'f2b3186c-42bc-4429-8d25-91bb6c09aa92', 'name': 'add_site_test_destination_e2e', 'connectorId': 'connector_id', 'storageType': 'ontap_nfs', 'sitePurpose': {'_id': '2', 'key': 'target', 'name': 'Target'}, 'dataRetentionDays': None, 'dataIntervalSecs': None, 'collectPerfMetricsFlag': None, 'hypervisor': 'hyperv', 'location': {'_id': '1', 'key': 'on-prem', 'name': 'On-prem'}, 'virtualizationEnvironmentsCount': 1, 'storageEnvironmentsCount': 1, 'discoveryStatuses': []}
2025-04-16 20:22:33,481 - AddSite - INFO - Getting hyper-v site details using GET /api/setup/site API for f2b3186c-42bc-4429-8d25-91bb6c09aa92
2025-04-16 20:22:33,966 - AddSite - INFO - Source site id created, Response code is 200
2025-04-16 20:22:33,966 - AddSite - INFO - Hyper-V destination site details created are {'_id': 'f2b3186c-42bc-4429-8d25-91bb6c09aa92', 'name': 'add_site_test_destination_e2e', 'connectorId': 'connector_id', 'storageType': 'ontap_nfs', 'sitePurpose': {'_id': '2', 'key': 'target', 'name': 'Target'}, 'dataRetentionDays': None, 'dataIntervalSecs': None, 'collectPerfMetricsFlag': None, 'hypervisor': 'hyperv', 'location': {'_id': '1', 'key': 'on-prem', 'name': 'On-prem'}, 'virtualizationEnvironmentsCount': 1, 'storageEnvironmentsCount': 1, 'discoveryStatuses': [{'discoveryRequestId': 'faa5a015-7ff4-4f6c-9e6c-5fc30fb13139', 'virtEnv': {'_id': '133037f9-236a-445f-ae2c-40b54c668531', 'name': '10.61.187.211'}, 'status': 3}]}
2025-04-16 20:22:34,972 - AddSite - INFO - Getting hyper-v site details using GET /api/setup/site API for f2b3186c-42bc-4429-8d25-91bb6c09aa92
2025-04-16 20:22:35,500 - AddSite - INFO - Source site id created, Response code is 200
2025-04-16 20:22:35,501 - AddSite - INFO - Hyper-V destination site details created are {'_id': 'f2b3186c-42bc-4429-8d25-91bb6c09aa92', 'name': 'add_site_test_destination_e2e', 'connectorId': 'connector_id', 'storageType': 'ontap_nfs', 'sitePurpose': {'_id': '2', 'key': 'target', 'name': 'Target'}, 'dataRetentionDays': None, 'dataIntervalSecs': None, 'collectPerfMetricsFlag': None, 'hypervisor': 'hyperv', 'location': {'_id': '1', 'key': 'on-prem', 'name': 'On-prem'}, 'virtualizationEnvironmentsCount': 1, 'storageEnvironmentsCount': 1, 'discoveryStatuses': [{'discoveryRequestId': 'faa5a015-7ff4-4f6c-9e6c-5fc30fb13139', 'virtEnv': {'_id': '133037f9-236a-445f-ae2c-40b54c668531', 'name': '10.61.187.211'}, 'status': 3}]}
2025-04-16 20:22:36,506 - AddSite - INFO - Getting hyper-v site details using GET /api/setup/site API for f2b3186c-42bc-4429-8d25-91bb6c09aa92
2025-04-16 20:22:36,986 - AddSite - INFO - Source site id created, Response code is 200
2025-04-16 20:22:36,987 - AddSite - INFO - Hyper-V destination site details created are {'_id': 'f2b3186c-42bc-4429-8d25-91bb6c09aa92', 'name': 'add_site_test_destination_e2e', 'connectorId': 'connector_id', 'storageType': 'ontap_nfs', 'sitePurpose': {'_id': '2', 'key': 'target', 'name': 'Target'}, 'dataRetentionDays': None, 'dataIntervalSecs': None, 'collectPerfMetricsFlag': None, 'hypervisor': 'hyperv', 'location': {'_id': '1', 'key': 'on-prem', 'name': 'On-prem'}, 'virtualizationEnvironmentsCount': 1, 'storageEnvironmentsCount': 1, 'discoveryStatuses': [{'discoveryRequestId': 'faa5a015-7ff4-4f6c-9e6c-5fc30fb13139', 'virtEnv': {'_id': '133037f9-236a-445f-ae2c-40b54c668531', 'name': '10.61.187.211'}, 'status': 3}]}
2025-04-16 20:22:37,991 - AddSite - INFO - Getting hyper-v site details using GET /api/setup/site API for f2b3186c-42bc-4429-8d25-91bb6c09aa92
2025-04-16 20:22:38,449 - AddSite - INFO - Source site id created, Response code is 200
2025-04-16 20:22:38,450 - AddSite - INFO - Hyper-V destination site details created are {'_id': 'f2b3186c-42bc-4429-8d25-91bb6c09aa92', 'name': 'add_site_test_destination_e2e', 'connectorId': 'connector_id', 'storageType': 'ontap_nfs', 'sitePurpose': {'_id': '2', 'key': 'target', 'name': 'Target'}, 'dataRetentionDays': None, 'dataIntervalSecs': None, 'collectPerfMetricsFlag': None, 'hypervisor': 'hyperv', 'location': {'_id': '1', 'key': 'on-prem', 'name': 'On-prem'}, 'virtualizationEnvironmentsCount': 1, 'storageEnvironmentsCount': 1, 'discoveryStatuses': [{'discoveryRequestId': 'faa5a015-7ff4-4f6c-9e6c-5fc30fb13139', 'virtEnv': {'_id': '133037f9-236a-445f-ae2c-40b54c668531', 'name': '10.61.187.211'}, 'status': 3}]}
2025-04-16 20:22:39,456 - AddSite - INFO - Getting hyper-v site details using GET /api/setup/site API for f2b3186c-42bc-4429-8d25-91bb6c09aa92
2025-04-16 20:22:39,919 - AddSite - INFO - Source site id created, Response code is 200
2025-04-16 20:22:39,919 - AddSite - INFO - Hyper-V destination site details created are {'_id': 'f2b3186c-42bc-4429-8d25-91bb6c09aa92', 'name': 'add_site_test_destination_e2e', 'connectorId': 'connector_id', 'storageType': 'ontap_nfs', 'sitePurpose': {'_id': '2', 'key': 'target', 'name': 'Target'}, 'dataRetentionDays': None, 'dataIntervalSecs': None, 'collectPerfMetricsFlag': None, 'hypervisor': 'hyperv', 'location': {'_id': '1', 'key': 'on-prem', 'name': 'On-prem'}, 'virtualizationEnvironmentsCount': 1, 'storageEnvironmentsCount': 1, 'discoveryStatuses': [{'discoveryRequestId': 'faa5a015-7ff4-4f6c-9e6c-5fc30fb13139', 'virtEnv': {'_id': '133037f9-236a-445f-ae2c-40b54c668531', 'name': '10.61.187.211'}, 'status': 3}]}
2025-04-16 20:22:40,925 - AddSite - INFO - Getting hyper-v site details using GET /api/setup/site API for f2b3186c-42bc-4429-8d25-91bb6c09aa92
2025-04-16 20:22:41,383 - AddSite - INFO - Source site id created, Response code is 200
2025-04-16 20:22:41,384 - AddSite - INFO - Hyper-V destination site details created are {'_id': 'f2b3186c-42bc-4429-8d25-91bb6c09aa92', 'name': 'add_site_test_destination_e2e', 'connectorId': 'connector_id', 'storageType': 'ontap_nfs', 'sitePurpose': {'_id': '2', 'key': 'target', 'name': 'Target'}, 'dataRetentionDays': None, 'dataIntervalSecs': None, 'collectPerfMetricsFlag': None, 'hypervisor': 'hyperv', 'location': {'_id': '1', 'key': 'on-prem', 'name': 'On-prem'}, 'virtualizationEnvironmentsCount': 1, 'storageEnvironmentsCount': 1, 'discoveryStatuses': [{'discoveryRequestId': 'faa5a015-7ff4-4f6c-9e6c-5fc30fb13139', 'virtEnv': {'_id': '133037f9-236a-445f-ae2c-40b54c668531', 'name': '10.61.187.211'}, 'status': 3}]}
2025-04-16 20:22:42,389 - AddSite - INFO - Getting hyper-v site details using GET /api/setup/site API for f2b3186c-42bc-4429-8d25-91bb6c09aa92
2025-04-16 20:22:42,850 - AddSite - INFO - Source site id created, Response code is 200
2025-04-16 20:22:42,850 - AddSite - INFO - Hyper-V destination site details created are {'_id': 'f2b3186c-42bc-4429-8d25-91bb6c09aa92', 'name': 'add_site_test_destination_e2e', 'connectorId': 'connector_id', 'storageType': 'ontap_nfs', 'sitePurpose': {'_id': '2', 'key': 'target', 'name': 'Target'}, 'dataRetentionDays': None, 'dataIntervalSecs': None, 'collectPerfMetricsFlag': None, 'hypervisor': 'hyperv', 'location': {'_id': '1', 'key': 'on-prem', 'name': 'On-prem'}, 'virtualizationEnvironmentsCount': 1, 'storageEnvironmentsCount': 1, 'discoveryStatuses': [{'discoveryRequestId': 'faa5a015-7ff4-4f6c-9e6c-5fc30fb13139', 'virtEnv': {'_id': '133037f9-236a-445f-ae2c-40b54c668531', 'name': '10.61.187.211'}, 'status': 3}]}
2025-04-16 20:22:43,852 - AddSite - INFO - Getting hyper-v site details using GET /api/setup/site API for f2b3186c-42bc-4429-8d25-91bb6c09aa92
2025-04-16 20:22:44,311 - AddSite - INFO - Source site id created, Response code is 200
2025-04-16 20:22:44,312 - AddSite - INFO - Hyper-V destination site details created are {'_id': 'f2b3186c-42bc-4429-8d25-91bb6c09aa92', 'name': 'add_site_test_destination_e2e', 'connectorId': 'connector_id', 'storageType': 'ontap_nfs', 'sitePurpose': {'_id': '2', 'key': 'target', 'name': 'Target'}, 'dataRetentionDays': None, 'dataIntervalSecs': None, 'collectPerfMetricsFlag': None, 'hypervisor': 'hyperv', 'location': {'_id': '1', 'key': 'on-prem', 'name': 'On-prem'}, 'virtualizationEnvironmentsCount': 1, 'storageEnvironmentsCount': 1, 'discoveryStatuses': [{'discoveryRequestId': 'faa5a015-7ff4-4f6c-9e6c-5fc30fb13139', 'virtEnv': {'_id': '133037f9-236a-445f-ae2c-40b54c668531', 'name': '10.61.187.211'}, 'status': 3}]}
2025-04-16 20:22:45,317 - AddSite - INFO - Getting hyper-v site details using GET /api/setup/site API for f2b3186c-42bc-4429-8d25-91bb6c09aa92
2025-04-16 20:22:45,785 - AddSite - INFO - Source site id created, Response code is 200
2025-04-16 20:22:45,787 - AddSite - INFO - Hyper-V destination site details created are {'_id': 'f2b3186c-42bc-4429-8d25-91bb6c09aa92', 'name': 'add_site_test_destination_e2e', 'connectorId': 'connector_id', 'storageType': 'ontap_nfs', 'sitePurpose': {'_id': '2', 'key': 'target', 'name': 'Target'}, 'dataRetentionDays': None, 'dataIntervalSecs': None, 'collectPerfMetricsFlag': None, 'hypervisor': 'hyperv', 'location': {'_id': '1', 'key': 'on-prem', 'name': 'On-prem'}, 'virtualizationEnvironmentsCount': 1, 'storageEnvironmentsCount': 1, 'discoveryStatuses': [{'discoveryRequestId': 'faa5a015-7ff4-4f6c-9e6c-5fc30fb13139', 'virtEnv': {'_id': '133037f9-236a-445f-ae2c-40b54c668531', 'name': '10.61.187.211'}, 'status': 4}]}
2025-04-16 20:22:45,788 - AddSite - INFO - Status is 4. Exiting wait loop for target discovery.
2025-04-16 20:22:45,789 - AddSite - INFO - Destination site discovery completed successfully
